This is pdfTeX, Version 3.1415926-2.4-1.40.13 (TeX Live 2012) (format=pdflatex 2012.6.30)  16 AUG 2013 10:03
entering extended mode
 restricted \write18 enabled.
 file:line:error style messages enabled.
 %&-line parsing enabled.
**DataDrivenFieldModeling_SejnowskiWorkshop.tex
(./DataDrivenFieldModeling_SejnowskiWorkshop.tex
LaTeX2e <2011/06/27>
Babel <v3.8m> and hyphenation patterns for english, dumylang, nohyphenation, ge
rman-x-2012-05-30, ngerman-x-2012-05-30, afrikaans, ancientgreek, ibycus, arabi
c, armenian, basque, bulgarian, catalan, pinyin, coptic, croatian, czech, danis
h, dutch, ukenglish, usenglishmax, esperanto, estonian, ethiopic, farsi, finnis
h, french, friulan, galician, german, ngerman, swissgerman, monogreek, greek, h
ungarian, icelandic, assamese, bengali, gujarati, hindi, kannada, malayalam, ma
rathi, oriya, panjabi, tamil, telugu, indonesian, interlingua, irish, italian, 
kurmanji, latin, latvian, lithuanian, mongolian, mongolianlmc, bokmal, nynorsk,
 polish, portuguese, romanian, romansh, russian, sanskrit, serbian, serbianc, s
lovak, slovenian, spanish, swedish, turkish, turkmen, ukrainian, uppersorbian, 
welsh, loaded.
(/usr/local/texlive/2012/texmf-dist/tex/latex/beamer/beamer.cls
(/usr/local/texlive/2012/texmf-dist/tex/latex/beamer/beamerbasercs.sty
Package: beamerbasercs 2012/06/01 (rcs-revision 352157baec3a)
)
Document Class: beamer 2011/09/12 development version 3.20 A class for typesett
ing presentations (rcs-revision 70f9d8411e54)
(/usr/local/texlive/2012/texmf-dist/tex/latex/beamer/beamerbasemodes.sty
Package: beamerbasemodes 2012/04/15 (rcs-revision cc6557182d97)
\beamer@tempbox=\box26
\beamer@tempcount=\count79
\c@beamerpauses=\count80

(/usr/local/texlive/2012/texmf-dist/tex/latex/beamer/beamerbasedecode.sty
Package: beamerbasedecode 2010/05/01 (rcs-revision efa082c6111d)
\beamer@slideinframe=\count81
\beamer@minimum=\count82
)
\beamer@commentbox=\box27
\beamer@modecount=\count83
)
(/usr/local/texlive/2012/texmf-dist/tex/generic/oberdiek/ifpdf.sty
Package: ifpdf 2011/01/30 v2.3 Provides the ifpdf switch (HO)
Package ifpdf Info: pdfTeX in PDF mode is detected.
)
\headheight=\dimen102
\headdp=\dimen103
\footheight=\dimen104
\sidebarheight=\dimen105
\beamer@tempdim=\dimen106
\beamer@finalheight=\dimen107
\beamer@animht=\dimen108
\beamer@animdp=\dimen109
\beamer@animwd=\dimen110
\beamer@leftmargin=\dimen111
\beamer@rightmargin=\dimen112
\beamer@leftsidebar=\dimen113
\beamer@rightsidebar=\dimen114
\beamer@boxsize=\dimen115
\beamer@vboxoffset=\dimen116
\beamer@descdefault=\dimen117
\beamer@descriptionwidth=\dimen118
\beamer@lastskip=\skip41
\beamer@areabox=\box28
\beamer@animcurrent=\box29
\beamer@animshowbox=\box30
\beamer@sectionbox=\box31
\beamer@logobox=\box32
\beamer@linebox=\box33
\beamer@sectioncount=\count84
\beamer@subsubsectionmax=\count85
\beamer@subsectionmax=\count86
\beamer@sectionmax=\count87
\beamer@totalheads=\count88
\beamer@headcounter=\count89
\beamer@partstartpage=\count90
\beamer@sectionstartpage=\count91
\beamer@subsectionstartpage=\count92
\beamer@animationtempa=\count93
\beamer@animationtempb=\count94
\beamer@xpos=\count95
\beamer@ypos=\count96
\beamer@showpartnumber=\count97
\beamer@currentsubsection=\count98
\beamer@coveringdepth=\count99
\beamer@sectionadjust=\count100
\beamer@tocsectionnumber=\count101

(/usr/local/texlive/2012/texmf-dist/tex/latex/beamer/beamerbaseoptions.sty
Package: beamerbaseoptions 2010/04/27 (rcs-revision 982469101dd6)

(/usr/local/texlive/2012/texmf-dist/tex/latex/graphics/keyval.sty
Package: keyval 1999/03/16 v1.13 key=value parser (DPC)
\KV@toks@=\toks14
))
\beamer@paperwidth=\skip42
\beamer@paperheight=\skip43

(/usr/local/texlive/2012/texmf-dist/tex/latex/geometry/geometry.sty
Package: geometry 2010/09/12 v5.6 Page Geometry

(/usr/local/texlive/2012/texmf-dist/tex/generic/oberdiek/ifvtex.sty
Package: ifvtex 2010/03/01 v1.5 Detect VTeX and its facilities (HO)
Package ifvtex Info: VTeX not detected.
)
(/usr/local/texlive/2012/texmf-dist/tex/generic/ifxetex/ifxetex.sty
Package: ifxetex 2010/09/12 v0.6 Provides ifxetex conditional
)
\Gm@cnth=\count102
\Gm@cntv=\count103
\c@Gm@tempcnt=\count104
\Gm@bindingoffset=\dimen119
\Gm@wd@mp=\dimen120
\Gm@odd@mp=\dimen121
\Gm@even@mp=\dimen122
\Gm@layoutwidth=\dimen123
\Gm@layoutheight=\dimen124
\Gm@layouthoffset=\dimen125
\Gm@layoutvoffset=\dimen126
\Gm@dimlist=\toks15
)
(/usr/local/texlive/2012/texmf-dist/tex/latex/base/size11.clo
File: size11.clo 2007/10/19 v1.4h Standard LaTeX file (size option)
)
(/usr/local/texlive/2012/texmf-dist/tex/latex/pgf/basiclayer/pgfcore.sty
(/usr/local/texlive/2012/texmf-dist/tex/latex/graphics/graphicx.sty
Package: graphicx 1999/02/16 v1.0f Enhanced LaTeX Graphics (DPC,SPQR)

(/usr/local/texlive/2012/texmf-dist/tex/latex/graphics/graphics.sty
Package: graphics 2009/02/05 v1.0o Standard LaTeX Graphics (DPC,SPQR)

(/usr/local/texlive/2012/texmf-dist/tex/latex/graphics/trig.sty
Package: trig 1999/03/16 v1.09 sin cos tan (DPC)
)
(/usr/local/texlive/2012/texmf-dist/tex/latex/latexconfig/graphics.cfg
File: graphics.cfg 2010/04/23 v1.9 graphics configuration of TeX Live
)
Package graphics Info: Driver file: pdftex.def on input line 91.

(/usr/local/texlive/2012/texmf-dist/tex/latex/pdftex-def/pdftex.def
File: pdftex.def 2011/05/27 v0.06d Graphics/color for pdfTeX

(/usr/local/texlive/2012/texmf-dist/tex/generic/oberdiek/infwarerr.sty
Package: infwarerr 2010/04/08 v1.3 Providing info/warning/error messages (HO)
)
(/usr/local/texlive/2012/texmf-dist/tex/generic/oberdiek/ltxcmds.sty
Package: ltxcmds 2011/11/09 v1.22 LaTeX kernel commands for general use (HO)
)
\Gread@gobject=\count105
))
\Gin@req@height=\dimen127
\Gin@req@width=\dimen128
)
(/usr/local/texlive/2012/texmf-dist/tex/latex/pgf/systemlayer/pgfsys.sty
(/usr/local/texlive/2012/texmf-dist/tex/latex/pgf/utilities/pgfrcs.sty
(/usr/local/texlive/2012/texmf-dist/tex/generic/pgf/utilities/pgfutil-common.te
x
\pgfutil@everybye=\toks16
)
(/usr/local/texlive/2012/texmf-dist/tex/generic/pgf/utilities/pgfutil-latex.def
\pgfutil@abb=\box34
(/usr/local/texlive/2012/texmf-dist/tex/latex/ms/everyshi.sty
Package: everyshi 2001/05/15 v3.00 EveryShipout Package (MS)
))
(/usr/local/texlive/2012/texmf-dist/tex/generic/pgf/utilities/pgfrcs.code.tex
Package: pgfrcs 2010/10/25 v2.10 (rcs-revision 1.24)
))
(/usr/local/texlive/2012/texmf-dist/tex/generic/pgf/systemlayer/pgfsys.code.tex
Package: pgfsys 2010/06/30 v2.10 (rcs-revision 1.37)
(/usr/local/texlive/2012/texmf-dist/tex/generic/pgf/utilities/pgfkeys.code.tex
\pgfkeys@pathtoks=\toks17
\pgfkeys@temptoks=\toks18

(/usr/local/texlive/2012/texmf-dist/tex/generic/pgf/utilities/pgfkeysfiltered.c
ode.tex
\pgfkeys@tmptoks=\toks19
))
\pgf@x=\dimen129
\pgf@y=\dimen130
\pgf@xa=\dimen131
\pgf@ya=\dimen132
\pgf@xb=\dimen133
\pgf@yb=\dimen134
\pgf@xc=\dimen135
\pgf@yc=\dimen136
\w@pgf@writea=\write3
\r@pgf@reada=\read1
\c@pgf@counta=\count106
\c@pgf@countb=\count107
\c@pgf@countc=\count108
\c@pgf@countd=\count109

(/usr/local/texlive/2012/texmf-dist/tex/generic/pgf/systemlayer/pgf.cfg
File: pgf.cfg 2008/05/14  (rcs-revision 1.7)
)
Package pgfsys Info: Driver file for pgf: pgfsys-pdftex.def on input line 900.

(/usr/local/texlive/2012/texmf-dist/tex/generic/pgf/systemlayer/pgfsys-pdftex.d
ef
File: pgfsys-pdftex.def 2009/05/22  (rcs-revision 1.26)

(/usr/local/texlive/2012/texmf-dist/tex/generic/pgf/systemlayer/pgfsys-common-p
df.def
File: pgfsys-common-pdf.def 2008/05/19  (rcs-revision 1.10)
)))
(/usr/local/texlive/2012/texmf-dist/tex/generic/pgf/systemlayer/pgfsyssoftpath.
code.tex
File: pgfsyssoftpath.code.tex 2008/07/18  (rcs-revision 1.7)
\pgfsyssoftpath@smallbuffer@items=\count110
\pgfsyssoftpath@bigbuffer@items=\count111
)
(/usr/local/texlive/2012/texmf-dist/tex/generic/pgf/systemlayer/pgfsysprotocol.
code.tex
File: pgfsysprotocol.code.tex 2006/10/16  (rcs-revision 1.4)
)) (/usr/local/texlive/2012/texmf-dist/tex/latex/xcolor/xcolor.sty
Package: xcolor 2007/01/21 v2.11 LaTeX color extensions (UK)

(/usr/local/texlive/2012/texmf-dist/tex/latex/latexconfig/color.cfg
File: color.cfg 2007/01/18 v1.5 color configuration of teTeX/TeXLive
)
Package xcolor Info: Driver file: pdftex.def on input line 225.
Package xcolor Info: Model `cmy' substituted by `cmy0' on input line 1337.
Package xcolor Info: Model `hsb' substituted by `rgb' on input line 1341.
Package xcolor Info: Model `RGB' extended on input line 1353.
Package xcolor Info: Model `HTML' substituted by `rgb' on input line 1355.
Package xcolor Info: Model `Hsb' substituted by `hsb' on input line 1356.
Package xcolor Info: Model `tHsb' substituted by `hsb' on input line 1357.
Package xcolor Info: Model `HSB' substituted by `hsb' on input line 1358.
Package xcolor Info: Model `Gray' substituted by `gray' on input line 1359.
Package xcolor Info: Model `wave' substituted by `hsb' on input line 1360.
)
(/usr/local/texlive/2012/texmf-dist/tex/generic/pgf/basiclayer/pgfcore.code.tex
Package: pgfcore 2010/04/11 v2.10 (rcs-revision 1.7)
(/usr/local/texlive/2012/texmf-dist/tex/generic/pgf/math/pgfmath.code.tex
(/usr/local/texlive/2012/texmf-dist/tex/generic/pgf/math/pgfmathcalc.code.tex
(/usr/local/texlive/2012/texmf-dist/tex/generic/pgf/math/pgfmathutil.code.tex)
(/usr/local/texlive/2012/texmf-dist/tex/generic/pgf/math/pgfmathparser.code.tex
\pgfmath@dimen=\dimen137
\pgfmath@count=\count112
\pgfmath@box=\box35
\pgfmath@toks=\toks20
\pgfmath@stack@operand=\toks21
\pgfmath@stack@operation=\toks22
)
(/usr/local/texlive/2012/texmf-dist/tex/generic/pgf/math/pgfmathfunctions.code.
tex
(/usr/local/texlive/2012/texmf-dist/tex/generic/pgf/math/pgfmathfunctions.basic
.code.tex)
(/usr/local/texlive/2012/texmf-dist/tex/generic/pgf/math/pgfmathfunctions.trigo
nometric.code.tex)
(/usr/local/texlive/2012/texmf-dist/tex/generic/pgf/math/pgfmathfunctions.rando
m.code.tex)
(/usr/local/texlive/2012/texmf-dist/tex/generic/pgf/math/pgfmathfunctions.compa
rison.code.tex)
(/usr/local/texlive/2012/texmf-dist/tex/generic/pgf/math/pgfmathfunctions.base.
code.tex)
(/usr/local/texlive/2012/texmf-dist/tex/generic/pgf/math/pgfmathfunctions.round
.code.tex)
(/usr/local/texlive/2012/texmf-dist/tex/generic/pgf/math/pgfmathfunctions.misc.
code.tex)))
(/usr/local/texlive/2012/texmf-dist/tex/generic/pgf/math/pgfmathfloat.code.tex
\c@pgfmathroundto@lastzeros=\count113
))
(/usr/local/texlive/2012/texmf-dist/tex/generic/pgf/basiclayer/pgfcorepoints.co
de.tex
File: pgfcorepoints.code.tex 2010/04/09  (rcs-revision 1.20)
\pgf@picminx=\dimen138
\pgf@picmaxx=\dimen139
\pgf@picminy=\dimen140
\pgf@picmaxy=\dimen141
\pgf@pathminx=\dimen142
\pgf@pathmaxx=\dimen143
\pgf@pathminy=\dimen144
\pgf@pathmaxy=\dimen145
\pgf@xx=\dimen146
\pgf@xy=\dimen147
\pgf@yx=\dimen148
\pgf@yy=\dimen149
\pgf@zx=\dimen150
\pgf@zy=\dimen151
)
(/usr/local/texlive/2012/texmf-dist/tex/generic/pgf/basiclayer/pgfcorepathconst
ruct.code.tex
File: pgfcorepathconstruct.code.tex 2010/08/03  (rcs-revision 1.24)
\pgf@path@lastx=\dimen152
\pgf@path@lasty=\dimen153
)
(/usr/local/texlive/2012/texmf-dist/tex/generic/pgf/basiclayer/pgfcorepathusage
.code.tex
File: pgfcorepathusage.code.tex 2008/04/22  (rcs-revision 1.12)
\pgf@shorten@end@additional=\dimen154
\pgf@shorten@start@additional=\dimen155
)
(/usr/local/texlive/2012/texmf-dist/tex/generic/pgf/basiclayer/pgfcorescopes.co
de.tex
File: pgfcorescopes.code.tex 2010/09/08  (rcs-revision 1.34)
\pgfpic=\box36
\pgf@hbox=\box37
\pgf@layerbox@main=\box38
\pgf@picture@serial@count=\count114
)
(/usr/local/texlive/2012/texmf-dist/tex/generic/pgf/basiclayer/pgfcoregraphicst
ate.code.tex
File: pgfcoregraphicstate.code.tex 2008/04/22  (rcs-revision 1.9)
\pgflinewidth=\dimen156
)
(/usr/local/texlive/2012/texmf-dist/tex/generic/pgf/basiclayer/pgfcoretransform
ations.code.tex
File: pgfcoretransformations.code.tex 2009/06/10  (rcs-revision 1.11)
\pgf@pt@x=\dimen157
\pgf@pt@y=\dimen158
\pgf@pt@temp=\dimen159
)
(/usr/local/texlive/2012/texmf-dist/tex/generic/pgf/basiclayer/pgfcorequick.cod
e.tex
File: pgfcorequick.code.tex 2008/10/09  (rcs-revision 1.3)
)
(/usr/local/texlive/2012/texmf-dist/tex/generic/pgf/basiclayer/pgfcoreobjects.c
ode.tex
File: pgfcoreobjects.code.tex 2006/10/11  (rcs-revision 1.2)
)
(/usr/local/texlive/2012/texmf-dist/tex/generic/pgf/basiclayer/pgfcorepathproce
ssing.code.tex
File: pgfcorepathprocessing.code.tex 2008/10/09  (rcs-revision 1.8)
)
(/usr/local/texlive/2012/texmf-dist/tex/generic/pgf/basiclayer/pgfcorearrows.co
de.tex
File: pgfcorearrows.code.tex 2008/04/23  (rcs-revision 1.11)
)
(/usr/local/texlive/2012/texmf-dist/tex/generic/pgf/basiclayer/pgfcoreshade.cod
e.tex
File: pgfcoreshade.code.tex 2008/11/23  (rcs-revision 1.13)
\pgf@max=\dimen160
\pgf@sys@shading@range@num=\count115
)
(/usr/local/texlive/2012/texmf-dist/tex/generic/pgf/basiclayer/pgfcoreimage.cod
e.tex
File: pgfcoreimage.code.tex 2010/03/25  (rcs-revision 1.16)

(/usr/local/texlive/2012/texmf-dist/tex/generic/pgf/basiclayer/pgfcoreexternal.
code.tex
File: pgfcoreexternal.code.tex 2010/09/01  (rcs-revision 1.17)
\pgfexternal@startupbox=\box39
))
(/usr/local/texlive/2012/texmf-dist/tex/generic/pgf/basiclayer/pgfcorelayers.co
de.tex
File: pgfcorelayers.code.tex 2010/08/27  (rcs-revision 1.2)
)
(/usr/local/texlive/2012/texmf-dist/tex/generic/pgf/basiclayer/pgfcoretranspare
ncy.code.tex
File: pgfcoretransparency.code.tex 2008/01/17  (rcs-revision 1.2)
)
(/usr/local/texlive/2012/texmf-dist/tex/generic/pgf/basiclayer/pgfcorepatterns.
code.tex
File: pgfcorepatterns.code.tex 2009/07/02  (rcs-revision 1.3)
)))
(/usr/local/texlive/2012/texmf-dist/tex/latex/pgf/utilities/xxcolor.sty
Package: xxcolor 2003/10/24 ver 0.1
\XC@nummixins=\count116
\XC@countmixins=\count117
)
(/usr/local/texlive/2012/texmf-dist/tex/latex/hyperref/hyperref.sty
Package: hyperref 2012/05/13 v6.82q Hypertext links for LaTeX

(/usr/local/texlive/2012/texmf-dist/tex/generic/oberdiek/hobsub-hyperref.sty
Package: hobsub-hyperref 2012/05/28 v1.13 Bundle oberdiek, subset hyperref (HO)


(/usr/local/texlive/2012/texmf-dist/tex/generic/oberdiek/hobsub-generic.sty
Package: hobsub-generic 2012/05/28 v1.13 Bundle oberdiek, subset generic (HO)
Package: hobsub 2012/05/28 v1.13 Construct package bundles (HO)
Package hobsub Info: Skipping package `infwarerr' (already loaded).
Package hobsub Info: Skipping package `ltxcmds' (already loaded).
Package: ifluatex 2010/03/01 v1.3 Provides the ifluatex switch (HO)
Package ifluatex Info: LuaTeX not detected.
Package hobsub Info: Skipping package `ifvtex' (already loaded).
Package: intcalc 2007/09/27 v1.1 Expandable calculations with integers (HO)
Package hobsub Info: Skipping package `ifpdf' (already loaded).
Package: etexcmds 2011/02/16 v1.5 Avoid name clashes with e-TeX commands (HO)
Package etexcmds Info: Could not find \expanded.
(etexcmds)             That can mean that you are not using pdfTeX 1.50 or
(etexcmds)             that some package has redefined \expanded.
(etexcmds)             In the latter case, load this package earlier.
Package: kvsetkeys 2012/04/25 v1.16 Key value parser (HO)
Package: kvdefinekeys 2011/04/07 v1.3 Define keys (HO)
Package: pdftexcmds 2011/11/29 v0.20 Utility functions of pdfTeX for LuaTeX (HO
)
Package pdftexcmds Info: LuaTeX not detected.
Package pdftexcmds Info: \pdf@primitive is available.
Package pdftexcmds Info: \pdf@ifprimitive is available.
Package pdftexcmds Info: \pdfdraftmode found.
Package: pdfescape 2011/11/25 v1.13 Implements pdfTeX's escape features (HO)
Package: bigintcalc 2012/04/08 v1.3 Expandable calculations on big integers (HO
)
Package: bitset 2011/01/30 v1.1 Handle bit-vector datatype (HO)
Package: uniquecounter 2011/01/30 v1.2 Provide unlimited unique counter (HO)
)
Package hobsub Info: Skipping package `hobsub' (already loaded).
Package: letltxmacro 2010/09/02 v1.4 Let assignment for LaTeX macros (HO)
Package: hopatch 2012/05/28 v1.2 Wrapper for package hooks (HO)
Package: xcolor-patch 2011/01/30 xcolor patch
Package: atveryend 2011/06/30 v1.8 Hooks at the very end of document (HO)
Package atveryend Info: \enddocument detected (standard20110627).
Package: atbegshi 2011/10/05 v1.16 At begin shipout hook (HO)
Package: refcount 2011/10/16 v3.4 Data extraction from label references (HO)
Package: hycolor 2011/01/30 v1.7 Color options for hyperref/bookmark (HO)
)
(/usr/local/texlive/2012/texmf-dist/tex/latex/oberdiek/kvoptions.sty
Package: kvoptions 2011/06/30 v3.11 Key value format for package options (HO)
)
\@linkdim=\dimen161
\Hy@linkcounter=\count118
\Hy@pagecounter=\count119

(/usr/local/texlive/2012/texmf-dist/tex/latex/hyperref/pd1enc.def
File: pd1enc.def 2012/05/13 v6.82q Hyperref: PDFDocEncoding definition (HO)
)
\Hy@SavedSpaceFactor=\count120

(/usr/local/texlive/2012/texmf-dist/tex/latex/latexconfig/hyperref.cfg
File: hyperref.cfg 2002/06/06 v1.2 hyperref configuration of TeXLive
)
Package hyperref Info: Option `bookmarks' set `true' on input line 3941.
Package hyperref Info: Option `bookmarksopen' set `true' on input line 3941.
Package hyperref Info: Option `implicit' set `false' on input line 3941.
Package hyperref Info: Hyper figures OFF on input line 4062.
Package hyperref Info: Link nesting OFF on input line 4067.
Package hyperref Info: Hyper index ON on input line 4070.
Package hyperref Info: Plain pages OFF on input line 4077.
Package hyperref Info: Backreferencing OFF on input line 4082.
Package hyperref Info: Implicit mode OFF; no redefinition of LaTeX internals.
Package hyperref Info: Bookmarks ON on input line 4300.
\c@Hy@tempcnt=\count121

(/usr/local/texlive/2012/texmf-dist/tex/latex/url/url.sty
\Urlmuskip=\muskip10
Package: url 2006/04/12  ver 3.3  Verb mode for urls, etc.
)
LaTeX Info: Redefining \url on input line 4653.
\Fld@menulength=\count122
\Field@Width=\dimen162
\Fld@charsize=\dimen163
Package hyperref Info: Hyper figures OFF on input line 5773.
Package hyperref Info: Link nesting OFF on input line 5778.
Package hyperref Info: Hyper index ON on input line 5781.
Package hyperref Info: backreferencing OFF on input line 5788.
Package hyperref Info: Link coloring OFF on input line 5793.
Package hyperref Info: Link coloring with OCG OFF on input line 5798.
Package hyperref Info: PDF/A mode OFF on input line 5803.
LaTeX Info: Redefining \ref on input line 5843.
LaTeX Info: Redefining \pageref on input line 5847.
\Hy@abspage=\count123


Package hyperref Message: Stopped early.

)

Package hyperref Message: Driver (autodetected): hpdftex.

(/usr/local/texlive/2012/texmf-dist/tex/latex/hyperref/hpdftex.def
File: hpdftex.def 2012/05/13 v6.82q Hyperref driver for pdfTeX
\Fld@listcount=\count124
\c@bookmark@seq@number=\count125

(/usr/local/texlive/2012/texmf-dist/tex/latex/oberdiek/rerunfilecheck.sty
Package: rerunfilecheck 2011/04/15 v1.7 Rerun checks for auxiliary files (HO)
Package uniquecounter Info: New unique counter `rerunfilecheck' on input line 2
82.
))
(/usr/local/texlive/2012/texmf-dist/tex/latex/beamer/beamerbaserequires.sty
Package: beamerbaserequires 2010/05/01  (rcs-revision efa082c6111d)

(/usr/local/texlive/2012/texmf-dist/tex/latex/beamer/beamerbasecompatibility.st
y
Package: beamerbasecompatibility 2012/05/01  (rcs-revision 67c48b3b652d)
) (/usr/local/texlive/2012/texmf-dist/tex/latex/beamer/beamerbasefont.sty
Package: beamerbasefont 2012/05/10  (rcs-revision a0b4f9f91ee9)

(/usr/local/texlive/2012/texmf-dist/tex/latex/amsfonts/amssymb.sty
Package: amssymb 2009/06/22 v3.00

(/usr/local/texlive/2012/texmf-dist/tex/latex/amsfonts/amsfonts.sty
Package: amsfonts 2009/06/22 v3.00 Basic AMSFonts support
\@emptytoks=\toks23
\symAMSa=\mathgroup4
\symAMSb=\mathgroup5
LaTeX Font Info:    Overwriting math alphabet `\mathfrak' in version `bold'
(Font)                  U/euf/m/n --> U/euf/b/n on input line 96.
))
(/usr/local/texlive/2012/texmf-dist/tex/latex/sansmathaccent/sansmathaccent.sty
Package: sansmathaccent 2012/04/26
))
(/usr/local/texlive/2012/texmf-dist/tex/latex/beamer/beamerbasetranslator.sty
Package: beamerbasetranslator 2010/06/11  (rcs-revision 85fd1cc7fc42)

(/usr/local/texlive/2012/texmf-dist/tex/latex/beamer/translator/translator.sty
Package: translator 2010/06/12 ver 1.10

(/usr/local/texlive/2012/texmf-dist/tex/latex/beamer/translator/translator-lang
uage-mappings.tex)))
(/usr/local/texlive/2012/texmf-dist/tex/latex/beamer/beamerbasemisc.sty
Package: beamerbasemisc 2012/02/24  (rcs-revision 2ff5461be705)
)
(/usr/local/texlive/2012/texmf-dist/tex/latex/beamer/beamerbasetwoscreens.sty
Package: beamerbasetwoscreens 2010/05/01  (rcs-revision efa082c6111d)
)
(/usr/local/texlive/2012/texmf-dist/tex/latex/beamer/beamerbaseoverlay.sty
Package: beamerbaseoverlay 2012/04/03  (rcs-revision 45744d9ae88b)
\beamer@argscount=\count126
\beamer@lastskipcover=\skip44
\beamer@trivlistdepth=\count127
)
(/usr/local/texlive/2012/texmf-dist/tex/latex/beamer/beamerbasetitle.sty
Package: beamerbasetitle 2010/09/21  (rcs-revision f0446ed0b6ae)
)
(/usr/local/texlive/2012/texmf-dist/tex/latex/beamer/beamerbasesection.sty
Package: beamerbasesection 2012/05/30  (rcs-revision 22ff49def670)
\c@lecture=\count128
\c@part=\count129
\c@section=\count130
\c@subsection=\count131
\c@subsubsection=\count132
)
(/usr/local/texlive/2012/texmf-dist/tex/latex/beamer/beamerbaseframe.sty
Package: beamerbaseframe 2012/05/31  (rcs-revision 5fc3b3dbfeba)
\beamer@framebox=\box40
\beamer@frametitlebox=\box41
\beamer@zoombox=\box42
\beamer@zoomcount=\count133
\beamer@zoomframecount=\count134
\beamer@frametextheight=\dimen164
\c@subsectionslide=\count135
\beamer@frametopskip=\skip45
\beamer@framebottomskip=\skip46
\beamer@frametopskipautobreak=\skip47
\beamer@framebottomskipautobreak=\skip48
\beamer@envbody=\toks24
\c@framenumber=\count136
)
(/usr/local/texlive/2012/texmf-dist/tex/latex/beamer/beamerbaseverbatim.sty
Package: beamerbaseverbatim 2011/09/12  (rcs-revision 70f9d8411e54)
\beamer@verbatimfileout=\write4
)
(/usr/local/texlive/2012/texmf-dist/tex/latex/beamer/beamerbaseframesize.sty
Package: beamerbaseframesize 2011/09/12  (rcs-revision 70f9d8411e54)
\beamer@splitbox=\box43
\beamer@autobreakcount=\count137
\beamer@autobreaklastheight=\dimen165
\beamer@frametitletoks=\toks25
\beamer@framesubtitletoks=\toks26
)
(/usr/local/texlive/2012/texmf-dist/tex/latex/beamer/beamerbaseframecomponents.
sty
Package: beamerbaseframecomponents 2012/03/07  (rcs-revision 9f094699ce15)
\beamer@footins=\box44
) (/usr/local/texlive/2012/texmf-dist/tex/latex/beamer/beamerbasecolor.sty
Package: beamerbasecolor 2010/06/06  (rcs-revision d1a9b48be06d)
)
(/usr/local/texlive/2012/texmf-dist/tex/latex/beamer/beamerbasenotes.sty
Package: beamerbasenotes 2010/05/01  (rcs-revision efa082c6111d)
\beamer@frameboxcopy=\box45
)
(/usr/local/texlive/2012/texmf-dist/tex/latex/beamer/beamerbasetoc.sty
Package: beamerbasetoc 2012/02/28  (rcs-revision 138681b92320)
)
(/usr/local/texlive/2012/texmf-dist/tex/latex/beamer/beamerbasetemplates.sty
Package: beamerbasetemplates 2010/05/01  (rcs-revision efa082c6111d)
\beamer@sbttoks=\toks27

(/usr/local/texlive/2012/texmf-dist/tex/latex/beamer/beamerbaseauxtemplates.sty
Package: beamerbaseauxtemplates 2012/05/01  (rcs-revision 67c48b3b652d)
(/usr/local/texlive/2012/texmf-dist/tex/latex/beamer/beamerbaseboxes.sty
Package: beamerbaseboxes 2012/05/13  (rcs-revision 56972908a390)
\bmb@box=\box46
\bmb@colorbox=\box47
\bmb@boxshadow=\box48
\bmb@boxshadowball=\box49
\bmb@boxshadowballlarge=\box50
\bmb@temp=\dimen166
\bmb@dima=\dimen167
\bmb@dimb=\dimen168
\bmb@prevheight=\dimen169
)
\beamer@blockheadheight=\dimen170
))
(/usr/local/texlive/2012/texmf-dist/tex/latex/beamer/beamerbaselocalstructure.s
ty
Package: beamerbaselocalstructure 2012/05/25  (rcs-revision 5ff5e8ed7c0e)
 (/usr/local/texlive/2012/texmf-dist/tex/latex/tools/enumerate.sty
Package: enumerate 1999/03/05 v3.00 enumerate extensions (DPC)
\@enLab=\toks28
)
\c@figure=\count138
\c@table=\count139
\abovecaptionskip=\skip49
\belowcaptionskip=\skip50
)
(/usr/local/texlive/2012/texmf-dist/tex/latex/beamer/beamerbasenavigation.sty
Package: beamerbasenavigation 2012/04/03  (rcs-revision 42a0f21a412d)
\beamer@section@min@dim=\dimen171
)
(/usr/local/texlive/2012/texmf-dist/tex/latex/beamer/beamerbasetheorems.sty
Package: beamerbasetheorems 2010/06/06  (rcs-revision 7e7cc5e53e9d)

(/usr/local/texlive/2012/texmf-dist/tex/latex/amsmath/amsmath.sty
Package: amsmath 2000/07/18 v2.13 AMS math features
\@mathmargin=\skip51

For additional information on amsmath, use the `?' option.
(/usr/local/texlive/2012/texmf-dist/tex/latex/amsmath/amstext.sty
Package: amstext 2000/06/29 v2.01

(/usr/local/texlive/2012/texmf-dist/tex/latex/amsmath/amsgen.sty
File: amsgen.sty 1999/11/30 v2.0
\@emptytoks=\toks29
\ex@=\dimen172
))
(/usr/local/texlive/2012/texmf-dist/tex/latex/amsmath/amsbsy.sty
Package: amsbsy 1999/11/29 v1.2d
\pmbraise@=\dimen173
)
(/usr/local/texlive/2012/texmf-dist/tex/latex/amsmath/amsopn.sty
Package: amsopn 1999/12/14 v2.01 operator names
)
\inf@bad=\count140
LaTeX Info: Redefining \frac on input line 211.
\uproot@=\count141
\leftroot@=\count142
LaTeX Info: Redefining \overline on input line 307.
\classnum@=\count143
\DOTSCASE@=\count144
LaTeX Info: Redefining \ldots on input line 379.
LaTeX Info: Redefining \dots on input line 382.
LaTeX Info: Redefining \cdots on input line 467.
\Mathstrutbox@=\box51
\strutbox@=\box52
\big@size=\dimen174
LaTeX Font Info:    Redeclaring font encoding OML on input line 567.
LaTeX Font Info:    Redeclaring font encoding OMS on input line 568.
\macc@depth=\count145
\c@MaxMatrixCols=\count146
\dotsspace@=\muskip11
\c@parentequation=\count147
\dspbrk@lvl=\count148
\tag@help=\toks30
\row@=\count149
\column@=\count150
\maxfields@=\count151
\andhelp@=\toks31
\eqnshift@=\dimen175
\alignsep@=\dimen176
\tagshift@=\dimen177
\tagwidth@=\dimen178
\totwidth@=\dimen179
\lineht@=\dimen180
\@envbody=\toks32
\multlinegap=\skip52
\multlinetaggap=\skip53
\mathdisplay@stack=\toks33
LaTeX Info: Redefining \[ on input line 2666.
LaTeX Info: Redefining \] on input line 2667.
)
(/usr/local/texlive/2012/texmf-dist/tex/latex/amscls/amsthm.sty
Package: amsthm 2009/07/02 v2.20.1
\thm@style=\toks34
\thm@bodyfont=\toks35
\thm@headfont=\toks36
\thm@notefont=\toks37
\thm@headpunct=\toks38
\thm@preskip=\skip54
\thm@postskip=\skip55
\thm@headsep=\skip56
\dth@everypar=\toks39
)
\c@theorem=\count152
)
(/usr/local/texlive/2012/texmf-dist/tex/latex/beamer/beamerbasethemes.sty
Package: beamerbasethemes 2010/05/01  (rcs-revision efa082c6111d)
))
(/usr/local/texlive/2012/texmf-dist/tex/latex/beamer/themes/theme/beamerthemede
fault.sty
Package: beamerthemedefault 2010/06/17  (rcs-revision d02a7cf4d8ae)

(/usr/local/texlive/2012/texmf-dist/tex/latex/beamer/themes/font/beamerfontthem
edefault.sty
Package: beamerfontthemedefault 2010/06/17  (rcs-revision d02a7cf4d8ae)
)
(/usr/local/texlive/2012/texmf-dist/tex/latex/beamer/themes/color/beamercolorth
emedefault.sty
Package: beamercolorthemedefault 2010/06/17  (rcs-revision d02a7cf4d8ae)
)
(/usr/local/texlive/2012/texmf-dist/tex/latex/beamer/themes/inner/beamerinnerth
emedefault.sty
Package: beamerinnerthemedefault 2012/05/01  (rcs-revision 67c48b3b652d)
\beamer@dima=\dimen181
\beamer@dimb=\dimen182
)
(/usr/local/texlive/2012/texmf-dist/tex/latex/beamer/themes/outer/beamerouterth
emedefault.sty
Package: beamerouterthemedefault 2010/06/17  (rcs-revision d02a7cf4d8ae)
))) (./BEAMERoptions.tex
(/usr/local/texlive/2012/texmf-dist/tex/latex/beamer/themes/font/beamerfontthem
estructurebold.sty
Package: beamerfontthemestructurebold 2010/06/17  (rcs-revision d02a7cf4d8ae)
))
(/usr/local/texlive/2012/texmf-dist/tex/generic/babel/babel.sty
Package: babel 2008/07/08 v3.8m The Babel package

(/usr/local/texlive/2012/texmf-dist/tex/generic/babel/english.ldf
Language: english 2005/03/30 v3.3o English support from the babel system

(/usr/local/texlive/2012/texmf-dist/tex/generic/babel/babel.def
File: babel.def 2008/07/08 v3.8m Babel common definitions
LaTeX Info: Redefining \textlatin on input line 82.
\babel@savecnt=\count153
\U@D=\dimen183
)
\l@canadian = a dialect from \language\l@american 
\l@australian = a dialect from \language\l@british 
\l@newzealand = a dialect from \language\l@british 
))
(/usr/local/texlive/2012/texmf-dist/tex/latex/beamer/multimedia/multimedia.sty
Package: multimedia 2012/05/02 ver 0.02
\mm@movie=\count154
) (/usr/local/texlive/2012/texmf-dist/tex/latex/psnfss/times.sty
Package: times 2005/04/12 PSNFSS-v9.2a (SPQR) 
)
(/usr/local/texlive/2012/texmf-dist/tex/latex/subfigure/subfigure.sty
Package: subfigure 2002/03/15 v2.1.5 subfigure package
\subfigtopskip=\skip57
\subfigcapskip=\skip58
\subfigcaptopadj=\dimen184
\subfigbottomskip=\skip59
\subfigcapmargin=\dimen185
\subfiglabelskip=\skip60
\c@subfigure=\count155
\c@lofdepth=\count156
\c@subtable=\count157
\c@lotdepth=\count158

****************************************
* Local config file subfigure.cfg used *
****************************************
(/usr/local/texlive/2012/texmf-dist/tex/latex/subfigure/subfigure.cfg)
\subfig@top=\skip61
\subfig@bottom=\skip62
)

Package hyperref Warning: Token not allowed in a PDF string (PDFDocEncoding):
(hyperref)                removing `\\' on input line 47.

No file DataDrivenFieldModeling_SejnowskiWorkshop.aux.
\openout1 = `DataDrivenFieldModeling_SejnowskiWorkshop.aux'.

LaTeX Font Info:    Checking defaults for OML/cmm/m/it on input line 69.
LaTeX Font Info:    ... okay on input line 69.
LaTeX Font Info:    Checking defaults for T1/cmr/m/n on input line 69.
LaTeX Font Info:    ... okay on input line 69.
LaTeX Font Info:    Checking defaults for OT1/cmr/m/n on input line 69.
LaTeX Font Info:    ... okay on input line 69.
LaTeX Font Info:    Checking defaults for OMS/cmsy/m/n on input line 69.
LaTeX Font Info:    ... okay on input line 69.
LaTeX Font Info:    Checking defaults for OMX/cmex/m/n on input line 69.
LaTeX Font Info:    ... okay on input line 69.
LaTeX Font Info:    Checking defaults for U/cmr/m/n on input line 69.
LaTeX Font Info:    ... okay on input line 69.
LaTeX Font Info:    Checking defaults for PD1/pdf/m/n on input line 69.
LaTeX Font Info:    ... okay on input line 69.
LaTeX Font Info:    Try loading font information for OT1+phv on input line 69.
(/usr/local/texlive/2012/texmf-dist/tex/latex/psnfss/ot1phv.fd
File: ot1phv.fd 2001/06/04 scalable font definitions for OT1/phv.
)
*geometry* driver: auto-detecting
*geometry* detected driver: pdftex
*geometry* verbose mode - [ preamble ] result:
* driver: pdftex
* paper: custom
* layout: <same size as paper>
* layoutoffset:(h,v)=(0.0pt,0.0pt)
* modes: includehead includefoot 
* h-part:(L,W,R)=(28.45274pt, 307.28987pt, 28.45274pt)
* v-part:(T,H,B)=(0.0pt, 273.14662pt, 0.0pt)
* \paperwidth=364.19536pt
* \paperheight=273.14662pt
* \textwidth=307.28987pt
* \textheight=244.6939pt
* \oddsidemargin=-43.81725pt
* \evensidemargin=-43.81725pt
* \topmargin=-72.26999pt
* \headheight=14.22636pt
* \headsep=0.0pt
* \topskip=11.0pt
* \footskip=14.22636pt
* \marginparwidth=4.0pt
* \marginparsep=10.0pt
* \columnsep=10.0pt
* \skip\footins=10.0pt plus 4.0pt minus 2.0pt
* \hoffset=0.0pt
* \voffset=0.0pt
* \mag=1000
* \@twocolumnfalse
* \@twosidefalse
* \@mparswitchfalse
* \@reversemarginfalse
* (1in=72.27pt=25.4mm, 1cm=28.453pt)

(/usr/local/texlive/2012/texmf-dist/tex/context/base/supp-pdf.mkii
[Loading MPS to PDF converter (version 2006.09.02).]
\scratchcounter=\count159
\scratchdimen=\dimen186
\scratchbox=\box53
\nofMPsegments=\count160
\nofMParguments=\count161
\everyMPshowfont=\toks40
\MPscratchCnt=\count162
\MPscratchDim=\dimen187
\MPnumerator=\count163
\makeMPintoPDFobject=\count164
\everyMPtoPDFconversion=\toks41
) (/usr/local/texlive/2012/texmf-dist/tex/latex/oberdiek/epstopdf-base.sty
Package: epstopdf-base 2010/02/09 v2.5 Base part for package epstopdf

(/usr/local/texlive/2012/texmf-dist/tex/latex/oberdiek/grfext.sty
Package: grfext 2010/08/19 v1.1 Manage graphics extensions (HO)
)
Package grfext Info: Graphics extension search list:
(grfext)             [.png,.pdf,.jpg,.mps,.jpeg,.jbig2,.jb2,.PNG,.PDF,.JPG,.JPE
G,.JBIG2,.JB2,.eps]
(grfext)             \AppendGraphicsExtensions on input line 452.

(/usr/local/texlive/2012/texmf-dist/tex/latex/latexconfig/epstopdf-sys.cfg
File: epstopdf-sys.cfg 2010/07/13 v1.3 Configuration of (r)epstopdf for TeX Liv
e
))
ABD: EveryShipout initializing macros
\AtBeginShipoutBox=\box54
Package hyperref Info: Link coloring OFF on input line 69.

(/usr/local/texlive/2012/texmf-dist/tex/latex/hyperref/nameref.sty
Package: nameref 2010/04/30 v2.40 Cross-referencing by name of section

(/usr/local/texlive/2012/texmf-dist/tex/generic/oberdiek/gettitlestring.sty
Package: gettitlestring 2010/12/03 v1.4 Cleanup title references (HO)
)
\c@section@level=\count165
)
LaTeX Info: Redefining \ref on input line 69.
LaTeX Info: Redefining \pageref on input line 69.
LaTeX Info: Redefining \nameref on input line 69.
\@outlinefile=\write5
\openout5 = `DataDrivenFieldModeling_SejnowskiWorkshop.out'.

LaTeX Font Info:    Overwriting symbol font `operators' in version `normal'
(Font)                  OT1/cmr/m/n --> OT1/cmss/m/n on input line 69.
LaTeX Font Info:    Overwriting symbol font `operators' in version `bold'
(Font)                  OT1/cmr/bx/n --> OT1/cmss/bx/n on input line 69.
\symnumbers=\mathgroup6
\sympureletters=\mathgroup7
LaTeX Font Info:    Overwriting math alphabet `\mathrm' in version `normal'
(Font)                  OT1/cmss/m/n --> OT1/ptm/m/n on input line 69.
LaTeX Font Info:    Redeclaring math alphabet \mathbf on input line 69.
LaTeX Font Info:    Overwriting math alphabet `\mathbf' in version `normal'
(Font)                  OT1/cmr/bx/n --> OT1/phv/bx/n on input line 69.
LaTeX Font Info:    Overwriting math alphabet `\mathbf' in version `bold'
(Font)                  OT1/cmr/bx/n --> OT1/phv/bx/n on input line 69.
LaTeX Font Info:    Redeclaring math alphabet \mathsf on input line 69.
LaTeX Font Info:    Overwriting math alphabet `\mathsf' in version `normal'
(Font)                  OT1/cmss/m/n --> OT1/phv/m/n on input line 69.
LaTeX Font Info:    Overwriting math alphabet `\mathsf' in version `bold'
(Font)                  OT1/cmss/bx/n --> OT1/phv/m/n on input line 69.
LaTeX Font Info:    Redeclaring math alphabet \mathit on input line 69.
LaTeX Font Info:    Overwriting math alphabet `\mathit' in version `normal'
(Font)                  OT1/cmr/m/it --> OT1/phv/m/it on input line 69.
LaTeX Font Info:    Overwriting math alphabet `\mathit' in version `bold'
(Font)                  OT1/cmr/bx/it --> OT1/phv/m/it on input line 69.
LaTeX Font Info:    Redeclaring math alphabet \mathtt on input line 69.
LaTeX Font Info:    Overwriting math alphabet `\mathtt' in version `normal'
(Font)                  OT1/cmtt/m/n --> OT1/pcr/m/n on input line 69.
LaTeX Font Info:    Overwriting math alphabet `\mathtt' in version `bold'
(Font)                  OT1/cmtt/m/n --> OT1/pcr/m/n on input line 69.
LaTeX Font Info:    Overwriting symbol font `numbers' in version `bold'
(Font)                  OT1/phv/m/n --> OT1/phv/bx/n on input line 69.
LaTeX Font Info:    Overwriting symbol font `pureletters' in version `bold'
(Font)                  OT1/phv/m/it --> OT1/phv/bx/it on input line 69.
LaTeX Font Info:    Overwriting math alphabet `\mathrm' in version `bold'
(Font)                  OT1/cmss/bx/n --> OT1/ptm/bx/n on input line 69.
LaTeX Font Info:    Overwriting math alphabet `\mathbf' in version `bold'
(Font)                  OT1/phv/bx/n --> OT1/phv/bx/n on input line 69.
LaTeX Font Info:    Overwriting math alphabet `\mathsf' in version `bold'
(Font)                  OT1/phv/m/n --> OT1/phv/bx/n on input line 69.
LaTeX Font Info:    Overwriting math alphabet `\mathit' in version `bold'
(Font)                  OT1/phv/m/it --> OT1/phv/bx/it on input line 69.
LaTeX Font Info:    Overwriting math alphabet `\mathtt' in version `bold'
(Font)                  OT1/pcr/m/n --> OT1/pcr/bx/n on input line 69.

(/usr/local/texlive/2012/texmf-dist/tex/latex/beamer/translator/dicts/translato
r-basic-dictionary/translator-basic-dictionary-English.dict
Dictionary: translator-basic-dictionary, Language: English 
)
(/usr/local/texlive/2012/texmf-dist/tex/latex/beamer/translator/dicts/translato
r-bibliography-dictionary/translator-bibliography-dictionary-English.dict
Dictionary: translator-bibliography-dictionary, Language: English 
)
(/usr/local/texlive/2012/texmf-dist/tex/latex/beamer/translator/dicts/translato
r-environment-dictionary/translator-environment-dictionary-English.dict
Dictionary: translator-environment-dictionary, Language: English 
)
(/usr/local/texlive/2012/texmf-dist/tex/latex/beamer/translator/dicts/translato
r-months-dictionary/translator-months-dictionary-English.dict
Dictionary: translator-months-dictionary, Language: English 
)
(/usr/local/texlive/2012/texmf-dist/tex/latex/beamer/translator/dicts/translato
r-numbers-dictionary/translator-numbers-dictionary-English.dict
Dictionary: translator-numbers-dictionary, Language: English 
)
(/usr/local/texlive/2012/texmf-dist/tex/latex/beamer/translator/dicts/translato
r-theorem-dictionary/translator-theorem-dictionary-English.dict
Dictionary: translator-theorem-dictionary, Language: English 
)
LaTeX Info: Redefining \includegraphics on input line 69.

No file DataDrivenFieldModeling_SejnowskiWorkshop.nav.
LaTeX Font Info:    Font shape `OT1/phv/bx/n' in size <6> not available
(Font)              Font shape `OT1/phv/b/n' tried instead on input line 69.
LaTeX Font Info:    Font shape `OT1/phv/bx/n' in size <10.95> not available
(Font)              Font shape `OT1/phv/b/n' tried instead on input line 75.
LaTeX Font Info:    Font shape `OT1/phv/bx/n' in size <14.4> not available
(Font)              Font shape `OT1/phv/b/n' tried instead on input line 75.
LaTeX Font Info:    Font shape `OT1/phv/m/it' in size <10.95> not available
(Font)              Font shape `OT1/phv/m/sl' tried instead on input line 75.
<./Figures/LOGOs.pdf, id=14, 844.15375pt x 259.97125pt>
File: ./Figures/LOGOs.pdf Graphic file (type pdf)

<use ./Figures/LOGOs.pdf>
Package pdftex.def Info: ./Figures/LOGOs.pdf used on input line 75.
(pdftex.def)             Requested size: 230.9644pt x 71.13188pt.
 [1

{/usr/local/texlive/2012/texmf-var/fonts/map/pdftex/updmap/pdftex.map} <./Figur
es/LOGOs.pdf>]
<./Figures/PaperSceenShot.pdf, id=65, 534.99875pt x 396.48125pt>
File: ./Figures/PaperSceenShot.pdf Graphic file (type pdf)

<use ./Figures/PaperSceenShot.pdf>
Package pdftex.def Info: ./Figures/PaperSceenShot.pdf used on input line 86.
(pdftex.def)             Requested size: 307.1484pt x 227.62204pt.
LaTeX Font Info:    Font shape `OT1/phv/bx/n' in size <4> not available
(Font)              Font shape `OT1/phv/b/n' tried instead on input line 86.
 [2

 <./Figures/PaperSceenShot.pdf>]
No file DataDrivenFieldModeling_SejnowskiWorkshop.toc.
[3

] <./Figures/StartIctaliEEGA4.pdf, id=124, 853.1875pt x 569.12625pt>
File: ./Figures/StartIctaliEEGA4.pdf Graphic file (type pdf)

<use ./Figures/StartIctaliEEGA4.pdf>
Package pdftex.def Info: ./Figures/StartIctaliEEGA4.pdf used on input line 109.

(pdftex.def)             Requested size: 426.55365pt x 284.52756pt.
 [4

 <./Figures/StartIctaliEEGA4.pdf>]
<./Figures/ExampleTherapyStim.pdf, id=155, 724.7075pt x 408.52625pt>
File: ./Figures/ExampleTherapyStim.pdf Graphic file (type pdf)

<use ./Figures/ExampleTherapyStim.pdf>
Package pdftex.def Info: ./Figures/ExampleTherapyStim.pdf used on input line 11
5.
(pdftex.def)             Requested size: 302.84904pt x 170.71652pt.
 [5

 <./Figures/ExampleTherapyStim.pdf>]
<./Figures/EpilepsyStimulators.pdf, id=194, 634.37pt x 316.18124pt>
File: ./Figures/EpilepsyStimulators.pdf Graphic file (type pdf)

<use ./Figures/EpilepsyStimulators.pdf>
Package pdftex.def Info: ./Figures/EpilepsyStimulators.pdf used on input line 1
22.
(pdftex.def)             Requested size: 285.43481pt x 142.26378pt.
 [6

 <./Figures/EpilepsyStimulators.pdf>] <./Figures/SparkTitle.pdf, id=253, 724.70
75pt x 544.0325pt>
File: ./Figures/SparkTitle.pdf Graphic file (type pdf)

<use ./Figures/SparkTitle.pdf>
Package pdftex.def Info: ./Figures/SparkTitle.pdf used on input line 128.
(pdftex.def)             Requested size: 189.51425pt x 142.26378pt.
 [7

 <./Figures/SparkTitle.pdf>]
<./Figures/BodyBrainElectrodeSystem.pdf, id=313, 713.66624pt x 449.68pt>
File: ./Figures/BodyBrainElectrodeSystem.pdf Graphic file (type pdf)

<use ./Figures/BodyBrainElectrodeSystem.pdf>
Package pdftex.def Info: ./Figures/BodyBrainElectrodeSystem.pdf used on input l
ine 134.
(pdftex.def)             Requested size: 225.77522pt x 142.26378pt.
 [8

 <./Figures/BodyBrainElectrodeSystem.pdf>]
<./Figures/StimulationSeizureControl.pdf, id=366, 738.76pt x 524.96124pt>
File: ./Figures/StimulationSeizureControl.pdf Graphic file (type pdf)

<use ./Figures/StimulationSeizureControl.pdf>
Package pdftex.def Info: ./Figures/StimulationSeizureControl.pdf used on input 
line 140.
(pdftex.def)             Requested size: 200.20058pt x 142.26378pt.
 [9

 <./Figures/StimulationSeizureControl.pdf>] <./Figures/BrainElectrode.pdf, id=4
23, 675.52374pt x 422.57875pt>
File: ./Figures/BrainElectrode.pdf Graphic file (type pdf)

<use ./Figures/BrainElectrode.pdf>
Package pdftex.def Info: ./Figures/BrainElectrode.pdf used on input line 147.
(pdftex.def)             Requested size: 272.9053pt x 170.71652pt.
 [10

 <./Figures/BrainElectrode.pdf>]
<./Figures/ModellingApproaches.pdf, id=553, 565.11125pt x 157.58875pt>
File: ./Figures/ModellingApproaches.pdf Graphic file (type pdf)

<use ./Figures/ModellingApproaches.pdf>
Package pdftex.def Info: ./Figures/ModellingApproaches.pdf used on input line 1
53.
(pdftex.def)             Requested size: 306.09541pt x 85.35826pt.
 [11

 <./Figures/ModellingApproaches.pdf>] <./Figures/NeuralMassWithSystem.pdf, id=7
03, 675.52374pt x 454.69875pt>
File: ./Figures/NeuralMassWithSystem.pdf Graphic file (type pdf)

<use ./Figures/NeuralMassWithSystem.pdf>
Package pdftex.def Info: ./Figures/NeuralMassWithSystem.pdf used on input line 
178.
(pdftex.def)             Requested size: 274.76068pt x 184.9429pt.
LaTeX Font Info:    Font shape `OT1/phv/m/it' in size <6> not available
(Font)              Font shape `OT1/phv/m/sl' tried instead on input line 178.
 [12

 <./Figures/NeuralMassWithSystem.pdf>] <./Figures/NeuralMass1.pdf, id=873, 732.
7375pt x 362.35374pt>
File: ./Figures/NeuralMass1.pdf Graphic file (type pdf)

<use ./Figures/NeuralMass1.pdf>
Package pdftex.def Info: ./Figures/NeuralMass1.pdf used on input line 187.
(pdftex.def)             Requested size: 287.67838pt x 142.26378pt.
 [13

 <./Figures/NeuralMass1.pdf>]
<./Figures/NeuralMass2.pdf, id=944, 732.7375pt x 362.35374pt>
File: ./Figures/NeuralMass2.pdf Graphic file (type pdf)

<use ./Figures/NeuralMass2.pdf>
Package pdftex.def Info: ./Figures/NeuralMass2.pdf used on input line 197.
(pdftex.def)             Requested size: 287.67838pt x 142.26378pt.
LaTeX Font Info:    Try loading font information for U+msa on input line 197.

(/usr/local/texlive/2012/texmf-dist/tex/latex/amsfonts/umsa.fd
File: umsa.fd 2009/06/22 v3.00 AMS symbols A
)
LaTeX Font Info:    Try loading font information for U+msb on input line 197.

(/usr/local/texlive/2012/texmf-dist/tex/latex/amsfonts/umsb.fd
File: umsb.fd 2009/06/22 v3.00 AMS symbols B
)
LaTeX Font Info:    Font shape `OT1/phv/m/it' in size <8> not available
(Font)              Font shape `OT1/phv/m/sl' tried instead on input line 197.
LaTeX Font Info:    Font shape `OT1/phv/bx/n' in size <8> not available
(Font)              Font shape `OT1/phv/b/n' tried instead on input line 197.
 [14

 <./Figures/NeuralMass2.pdf>]
<./Figures/NeuralMass3.pdf, id=1047, 742.775pt x 362.35374pt>
File: ./Figures/NeuralMass3.pdf Graphic file (type pdf)

<use ./Figures/NeuralMass3.pdf>
Package pdftex.def Info: ./Figures/NeuralMass3.pdf used on input line 207.
(pdftex.def)             Requested size: 291.61916pt x 142.26378pt.
 [15

 <./Figures/NeuralMass3.pdf>]
<./Figures/NeuralMass4.pdf, id=1126, 742.775pt x 362.35374pt>
File: ./Figures/NeuralMass4.pdf Graphic file (type pdf)

<use ./Figures/NeuralMass4.pdf>
Package pdftex.def Info: ./Figures/NeuralMass4.pdf used on input line 217.
(pdftex.def)             Requested size: 291.61916pt x 142.26378pt.
 [16

 <./Figures/NeuralMass4.pdf>]
<./Figures/NeuralFieldWithSystem.pdf, id=1225, 675.52374pt x 453.695pt>
File: ./Figures/NeuralFieldWithSystem.pdf Graphic file (type pdf)

<use ./Figures/NeuralFieldWithSystem.pdf>
Package pdftex.def Info: ./Figures/NeuralFieldWithSystem.pdf used on input line
 226.
(pdftex.def)             Requested size: 275.36884pt x 184.9429pt.
 [17

 <./Figures/NeuralFieldWithSystem.pdf>] <./Figures/Columns.pdf, id=1381, 452.69
125pt x 547.04375pt>
File: ./Figures/Columns.pdf Graphic file (type pdf)

<use ./Figures/Columns.pdf>
Package pdftex.def Info: ./Figures/Columns.pdf used on input line 245.
(pdftex.def)             Requested size: 105.9542pt x 128.0374pt.
 [18

 <./Figures/Columns.pdf>]
File: ./Figures/Columns.pdf Graphic file (type pdf)

<use ./Figures/Columns.pdf>
Package pdftex.def Info: ./Figures/Columns.pdf used on input line 245.
(pdftex.def)             Requested size: 105.9542pt x 128.0374pt.

<./Figures/WhiteSpace.pdf, id=1422, 215.80624pt x 215.80624pt>
File: ./Figures/WhiteSpace.pdf Graphic file (type pdf)

<use ./Figures/WhiteSpace.pdf>
Package pdftex.def Info: ./Figures/WhiteSpace.pdf used on input line 245.
(pdftex.def)             Requested size: 14.22546pt x 14.22636pt.

<./Figures/Anatomy.pdf, id=1423, 418.56375pt x 314.17375pt>
File: ./Figures/Anatomy.pdf Graphic file (type pdf)

<use ./Figures/Anatomy.pdf>
Package pdftex.def Info: ./Figures/Anatomy.pdf used on input line 245.
(pdftex.def)             Requested size: 170.57758pt x 128.0374pt.
 [19

 <./Figures/WhiteSpace.pdf> <./Figures/Anatomy.pdf>]
File: ./Figures/Columns.pdf Graphic file (type pdf)
 <use ./Figures/Columns.pdf>
Package pdftex.def Info: ./Figures/Columns.pdf used on input line 245.
(pdftex.def)             Requested size: 105.9542pt x 128.0374pt.
File: ./Figures/WhiteSpace.pdf Graphic file (type pdf)
 <use ./Figures/WhiteSpace.pdf>
Package pdftex.def Info: ./Figures/WhiteSpace.pdf used on input line 245.
(pdftex.def)             Requested size: 14.22546pt x 14.22636pt.
File: ./Figures/Anatomy.pdf Graphic file (type pdf)

<use ./Figures/Anatomy.pdf>
Package pdftex.def Info: ./Figures/Anatomy.pdf used on input line 245.
(pdftex.def)             Requested size: 170.57758pt x 128.0374pt.
 [20

]
<./Figures/FieldWithUncertainy.pdf, id=1525, 227.85126pt x 85.31876pt>
File: ./Figures/FieldWithUncertainy.pdf Graphic file (type pdf)

<use ./Figures/FieldWithUncertainy.pdf>
Package pdftex.def Info: ./Figures/FieldWithUncertainy.pdf used on input line 2
66.
(pdftex.def)             Requested size: 227.97237pt x 85.35826pt.
 [21

 <./Figures/FieldWithUncertainy.pdf>] <./Figures/ObservationSystem.pdf, id=1563
, 675.52374pt x 403.5075pt>
File: ./Figures/ObservationSystem.pdf Graphic file (type pdf)

<use ./Figures/ObservationSystem.pdf>
Package pdftex.def Info: ./Figures/ObservationSystem.pdf used on input line 275
.
(pdftex.def)             Requested size: 309.62115pt x 184.9429pt.

Overfull \hbox (2.33128pt too wide) in paragraph at lines 275--275
 [] 
 []

[22

 <./Figures/ObservationSystem.pdf>]
<./Figures/fig13.pdf, id=1693, 116.435pt x 155.58125pt>
File: ./Figures/fig13.pdf Graphic file (type pdf)

<use ./Figures/fig13.pdf>
Package pdftex.def Info: ./Figures/fig13.pdf used on input line 293.
(pdftex.def)             Requested size: 80.91586pt x 108.12054pt.
LaTeX Font Info:    Font shape `OT1/phv/bx/it' in size <10.95> not available
(Font)              Font shape `OT1/phv/b/it' tried instead on input line 293.
LaTeX Font Info:    Font shape `OT1/phv/b/it' in size <10.95> not available
(Font)              Font shape `OT1/phv/b/sl' tried instead on input line 293.
LaTeX Font Info:    Font shape `OT1/phv/bx/it' in size <8> not available
(Font)              Font shape `OT1/phv/b/it' tried instead on input line 293.
LaTeX Font Info:    Font shape `OT1/phv/b/it' in size <8> not available
(Font)              Font shape `OT1/phv/b/sl' tried instead on input line 293.
LaTeX Font Info:    Font shape `OT1/phv/bx/it' in size <6> not available
(Font)              Font shape `OT1/phv/b/it' tried instead on input line 293.
LaTeX Font Info:    Font shape `OT1/phv/b/it' in size <6> not available
(Font)              Font shape `OT1/phv/b/sl' tried instead on input line 293.
 [23

 <./Figures/fig13.pdf>]
File: ./Figures/fig13.pdf Graphic file (type pdf)
 <use ./Figures/fig13.pdf>
Package pdftex.def Info: ./Figures/fig13.pdf used on input line 293.
(pdftex.def)             Requested size: 80.91586pt x 108.12054pt.
File: ./Figures/WhiteSpace.pdf Graphic file (type pdf)

<use ./Figures/WhiteSpace.pdf>
Package pdftex.def Info: ./Figures/WhiteSpace.pdf used on input line 293.
(pdftex.def)             Requested size: 56.90518pt x 56.9055pt.

<./Figures/fig14.pdf, id=1734, 175.65625pt x 177.66376pt>
File: ./Figures/fig14.pdf Graphic file (type pdf)

<use ./Figures/fig14.pdf>
Package pdftex.def Info: ./Figures/fig14.pdf used on input line 293.
(pdftex.def)             Requested size: 106.90088pt x 108.12054pt.
 [24

 <./Figures/fig14.pdf>]
<./Figures/SensorKernel1.pdf, id=1792, 284.06125pt x 284.06125pt>
File: ./Figures/SensorKernel1.pdf Graphic file (type pdf)

<use ./Figures/SensorKernel1.pdf>
Package pdftex.def Info: ./Figures/SensorKernel1.pdf used on input line 293.
(pdftex.def)             Requested size: 108.12209pt x 108.12054pt.
 [25

 <./Figures/SensorKernel1.pdf>]
File: ./Figures/SensorKernel1.pdf Graphic file (type pdf)

<use ./Figures/SensorKernel1.pdf>
Package pdftex.def Info: ./Figures/SensorKernel1.pdf used on input line 293.
(pdftex.def)             Requested size: 108.12209pt x 108.12054pt.

<./Figures/SensorKernel2.pdf, id=1822, 284.06125pt x 284.06125pt>
File: ./Figures/SensorKernel2.pdf Graphic file (type pdf)

<use ./Figures/SensorKernel2.pdf>
Package pdftex.def Info: ./Figures/SensorKernel2.pdf used on input line 293.
(pdftex.def)             Requested size: 108.12209pt x 108.12054pt.
 [26

 <./Figures/SensorKernel2.pdf>]
File: ./Figures/SensorKernel1.pdf Graphic file (type pdf)

<use ./Figures/SensorKernel1.pdf>
Package pdftex.def Info: ./Figures/SensorKernel1.pdf used on input line 293.
(pdftex.def)             Requested size: 108.12209pt x 108.12054pt.
File: ./Figures/SensorKernel2.pdf Graphic file (type pdf)
 <use ./Figures/SensorKernel2.pdf>
Package pdftex.def Info: ./Figures/SensorKernel2.pdf used on input line 293.
(pdftex.def)             Requested size: 108.12209pt x 108.12054pt.

<./Figures/SensorKernel3.pdf, id=1873, 284.06125pt x 284.06125pt>
File: ./Figures/SensorKernel3.pdf Graphic file (type pdf)

<use ./Figures/SensorKernel3.pdf>
Package pdftex.def Info: ./Figures/SensorKernel3.pdf used on input line 293.
(pdftex.def)             Requested size: 108.12209pt x 108.12054pt.

Overfull \hbox (17.07639pt too wide) in paragraph at lines 293--293
[][][][][][][][][][][]  
 []

[27

 <./Figures/SensorKernel3.pdf>]
<./Figures/205px-Moire_pattern_of_bricks.pdf, id=1924, 205.76875pt x 249.93375p
t>
File: ./Figures/205px-Moire_pattern_of_bricks.pdf Graphic file (type pdf)
 <use ./Figures/205px-Moire_pattern_of_bricks.pdf>
Package pdftex.def Info: ./Figures/205px-Moire_pattern_of_bricks.pdf used on in
put line 299.
(pdftex.def)             Requested size: 140.55511pt x 170.71652pt.
 [28

 <./Figures/205px-Moire_pattern_of_bricks.pdf>]
File: ./Figures/205px-Moire_pattern_of_bricks.pdf Graphic file (type pdf)
 <use ./Figures/205px-Moire_pattern_of_bricks.pdf>
Package pdftex.def Info: ./Figures/205px-Moire_pattern_of_bricks.pdf used on in
put line 299.
(pdftex.def)             Requested size: 140.55511pt x 170.71652pt.
File: ./Figures/WhiteSpace.pdf Graphic file (type pdf)

<use ./Figures/WhiteSpace.pdf>
Package pdftex.def Info: ./Figures/WhiteSpace.pdf used on input line 299.
(pdftex.def)             Requested size: 14.22546pt x 14.22636pt.

<./Figures/Moire_pattern_of_bricks_small.pdf, id=1959, 205.76875pt x 250.9375pt
>
File: ./Figures/Moire_pattern_of_bricks_small.pdf Graphic file (type pdf)
 <use ./Figures/Moire_pattern_of_bricks_small.pdf>
Package pdftex.def Info: ./Figures/Moire_pattern_of_bricks_small.pdf used on in
put line 299.
(pdftex.def)             Requested size: 139.9931pt x 170.71652pt.
 [29

 <./Figures/Moire_pattern_of_bricks_small.pdf>]
<./Figures/Figure4a.pdf, id=1993, 108.405pt x 108.405pt>
File: ./Figures/Figure4a.pdf Graphic file (type pdf)

<use ./Figures/Figure4a.pdf>
Package pdftex.def Info: ./Figures/Figure4a.pdf used on input line 315.
(pdftex.def)             Requested size: 99.58989pt x 99.58464pt.
LaTeX Font Info:    Font shape `OT1/phv/bx/n' in size <9> not available
(Font)              Font shape `OT1/phv/b/n' tried instead on input line 315.
LaTeX Font Info:    Font shape `OT1/phv/bx/n' in size <5> not available
(Font)              Font shape `OT1/phv/b/n' tried instead on input line 315.
LaTeX Font Info:    Font shape `OT1/phv/m/it' in size <9> not available
(Font)              Font shape `OT1/phv/m/sl' tried instead on input line 315.
LaTeX Font Info:    Font shape `OT1/phv/m/it' in size <5> not available
(Font)              Font shape `OT1/phv/m/sl' tried instead on input line 315.
 [30

 <./Figures/Figure4a.pdf>]
File: ./Figures/Figure4a.pdf Graphic file (type pdf)

<use ./Figures/Figure4a.pdf>
Package pdftex.def Info: ./Figures/Figure4a.pdf used on input line 315.
(pdftex.def)             Requested size: 99.58989pt x 99.58464pt.
 [31

]
<./Figures/Utaharray.pdf, id=2059, 602.25pt x 401.5pt>
File: ./Figures/Utaharray.pdf Graphic file (type pdf)

<use ./Figures/Utaharray.pdf>
Package pdftex.def Info: ./Figures/Utaharray.pdf used on input line 328.
(pdftex.def)             Requested size: 213.4005pt x 142.26378pt.
 [32

 <./Figures/Utaharray.pdf>]
File: ./Figures/Utaharray.pdf Graphic file (type pdf)

<use ./Figures/Utaharray.pdf>
Package pdftex.def Info: ./Figures/Utaharray.pdf used on input line 328.
(pdftex.def)             Requested size: 213.4005pt x 142.26378pt.
 [33

]
File: ./Figures/Utaharray.pdf Graphic file (type pdf)
 <use ./Figures/Utaharray.pdf>
Package pdftex.def Info: ./Figures/Utaharray.pdf used on input line 328.
(pdftex.def)             Requested size: 213.4005pt x 142.26378pt.
 [34

]
<./Figures/ModelOutput.pdf, id=2144, 781.92125pt x 439.6425pt>
File: ./Figures/ModelOutput.pdf Graphic file (type pdf)

<use ./Figures/ModelOutput.pdf>
Package pdftex.def Info: ./Figures/ModelOutput.pdf used on input line 345.
(pdftex.def)             Requested size: 303.6237pt x 170.71652pt.

Overfull \vbox (3.13985pt too high) detected at line 345
 []

[35

 <./Figures/ModelOutput.pdf>] [36

]
<./Figures/Kernel1.pdf, id=2329, 284.06125pt x 284.06125pt>
File: ./Figures/Kernel1.pdf Graphic file (type pdf)

<use ./Figures/Kernel1.pdf>
Package pdftex.def Info: ./Figures/Kernel1.pdf used on input line 379.
(pdftex.def)             Requested size: 108.12209pt x 108.12054pt.
 [37

 <./Figures/Kernel1.pdf>]
<./Figures/Kernel2.pdf, id=2391, 284.06125pt x 284.06125pt>
File: ./Figures/Kernel2.pdf Graphic file (type pdf)

<use ./Figures/Kernel2.pdf>
Package pdftex.def Info: ./Figures/Kernel2.pdf used on input line 379.
(pdftex.def)             Requested size: 108.12209pt x 108.12054pt.

<./Figures/Kernel3.pdf, id=2392, 284.06125pt x 284.06125pt>
File: ./Figures/Kernel3.pdf Graphic file (type pdf)

<use ./Figures/Kernel3.pdf>
Package pdftex.def Info: ./Figures/Kernel3.pdf used on input line 379.
(pdftex.def)             Requested size: 108.12209pt x 108.12054pt.

<./Figures/Kernel4.pdf, id=2393, 284.06125pt x 284.06125pt>
File: ./Figures/Kernel4.pdf Graphic file (type pdf)

<use ./Figures/Kernel4.pdf>
Package pdftex.def Info: ./Figures/Kernel4.pdf used on input line 379.
(pdftex.def)             Requested size: 108.12209pt x 108.12054pt.

Overfull \hbox (17.07639pt too wide) in paragraph at lines 379--379
[][][]  
 []

[38

 <./Figures/Kernel2.pdf> <./Figures/Kernel3.pdf> <./Figures/Kernel4.pdf>]
<./Figures/fig1.pdf, id=2518, 232.30469pt x 144.54pt>
File: ./Figures/fig1.pdf Graphic file (type pdf)
 <use ./Figures/fig1.pdf>
Package pdftex.def Info: ./Figures/fig1.pdf used on input line 379.
(pdftex.def)             Requested size: 173.77081pt x 108.12054pt.

[39

 <./Figures/fig1.pdf>] [40

] [41

] [42

]
<./Figures/FieldAndSensors.pdf, id=2629, 271.57867pt x 271.19662pt>
File: ./Figures/FieldAndSensors.pdf Graphic file (type pdf)

<use ./Figures/FieldAndSensors.pdf>
Package pdftex.def Info: ./Figures/FieldAndSensors.pdf used on input line 430.
(pdftex.def)             Requested size: 199.45251pt x 199.16928pt.
 [43

 <./Figures/FieldAndSensors.pdf>]
LaTeX Font Info:    Try loading font information for OT1+ptm on input line 456.


(/usr/local/texlive/2012/texmf-dist/tex/latex/psnfss/ot1ptm.fd
File: ot1ptm.fd 2001/06/04 font definitions for OT1/ptm.
) [44

] [45

]
[46

] [47

] [48

] [49

] [50

] [51

]
<./Figures/EstimationAlgorithm1.pdf, id=2875, 724.7075pt x 279.0425pt>
File: ./Figures/EstimationAlgorithm1.pdf Graphic file (type pdf)

<use ./Figures/EstimationAlgorithm1.pdf>
Package pdftex.def Info: ./Figures/EstimationAlgorithm1.pdf used on input line 
501.
(pdftex.def)             Requested size: 295.58386pt x 113.81102pt.
 [52

 <./Figures/EstimationAlgorithm1.pdf>] <./Figures/EstimationAlgorithm2.pdf, id=
2954, 724.7075pt x 279.0425pt>
File: ./Figures/EstimationAlgorithm2.pdf Graphic file (type pdf)

<use ./Figures/EstimationAlgorithm2.pdf>
Package pdftex.def Info: ./Figures/EstimationAlgorithm2.pdf used on input line 
501.
(pdftex.def)             Requested size: 295.58386pt x 113.81102pt.
 [53

 <./Figures/EstimationAlgorithm2.pdf>] <./Figures/EstimationAlgorithm3.pdf, id=
3055, 724.7075pt x 279.0425pt>
File: ./Figures/EstimationAlgorithm3.pdf Graphic file (type pdf)

<use ./Figures/EstimationAlgorithm3.pdf>
Package pdftex.def Info: ./Figures/EstimationAlgorithm3.pdf used on input line 
501.
(pdftex.def)             Requested size: 295.58386pt x 113.81102pt.
 [54

 <./Figures/EstimationAlgorithm3.pdf>] <./Figures/EstimationAlgorithm4.pdf, id=
3168, 724.7075pt x 279.0425pt>
File: ./Figures/EstimationAlgorithm4.pdf Graphic file (type pdf)

<use ./Figures/EstimationAlgorithm4.pdf>
Package pdftex.def Info: ./Figures/EstimationAlgorithm4.pdf used on input line 
501.
(pdftex.def)             Requested size: 295.58386pt x 113.81102pt.
 [55

 <./Figures/EstimationAlgorithm4.pdf>] <./Figures/EstimationAlgorithm6.pdf, id=
3304, 724.7075pt x 279.0425pt>
File: ./Figures/EstimationAlgorithm6.pdf Graphic file (type pdf)

<use ./Figures/EstimationAlgorithm6.pdf>
Package pdftex.def Info: ./Figures/EstimationAlgorithm6.pdf used on input line 
501.
(pdftex.def)             Requested size: 295.58386pt x 113.81102pt.
 [56

 <./Figures/EstimationAlgorithm6.pdf>] <./Figures/EstimationAlgorithm7.pdf, id=
3439, 724.7075pt x 279.0425pt>
File: ./Figures/EstimationAlgorithm7.pdf Graphic file (type pdf)

<use ./Figures/EstimationAlgorithm7.pdf>
Package pdftex.def Info: ./Figures/EstimationAlgorithm7.pdf used on input line 
501.
(pdftex.def)             Requested size: 295.58386pt x 113.81102pt.
 [57

 <./Figures/EstimationAlgorithm7.pdf>] <./Figures/EstimationAlgorithm8.pdf, id=
3581, 724.7075pt x 279.0425pt>
File: ./Figures/EstimationAlgorithm8.pdf Graphic file (type pdf)

<use ./Figures/EstimationAlgorithm8.pdf>
Package pdftex.def Info: ./Figures/EstimationAlgorithm8.pdf used on input line 
501.
(pdftex.def)             Requested size: 295.58386pt x 113.81102pt.
 [58

 <./Figures/EstimationAlgorithm8.pdf>] [59

] [60

] [61

] [62

]
LaTeX Font Info:    Font shape `OT1/phv/bx/n' in size <10> not available
(Font)              Font shape `OT1/phv/b/n' tried instead on input line 572.
LaTeX Font Info:    Font shape `OT1/phv/bx/n' in size <7> not available
(Font)              Font shape `OT1/phv/b/n' tried instead on input line 572.
LaTeX Font Info:    Font shape `OT1/phv/m/it' in size <10> not available
(Font)              Font shape `OT1/phv/m/sl' tried instead on input line 572.
LaTeX Font Info:    Font shape `OT1/phv/m/it' in size <7> not available
(Font)              Font shape `OT1/phv/m/sl' tried instead on input line 572.
LaTeX Font Info:    Font shape `OT1/phv/bx/it' in size <10> not available
(Font)              Font shape `OT1/phv/b/it' tried instead on input line 572.
LaTeX Font Info:    Font shape `OT1/phv/b/it' in size <10> not available
(Font)              Font shape `OT1/phv/b/sl' tried instead on input line 572.
LaTeX Font Info:    Font shape `OT1/phv/bx/it' in size <7> not available
(Font)              Font shape `OT1/phv/b/it' tried instead on input line 572.
LaTeX Font Info:    Font shape `OT1/phv/b/it' in size <7> not available
(Font)              Font shape `OT1/phv/b/sl' tried instead on input line 572.
LaTeX Font Info:    Font shape `OT1/phv/bx/it' in size <5> not available
(Font)              Font shape `OT1/phv/b/it' tried instead on input line 572.
LaTeX Font Info:    Font shape `OT1/phv/b/it' in size <5> not available
(Font)              Font shape `OT1/phv/b/sl' tried instead on input line 572.
 [63

] [64

] [65

]
<./Figures/EstimationAlgorithm9.pdf, id=3897, 724.7075pt x 279.0425pt>
File: ./Figures/EstimationAlgorithm9.pdf Graphic file (type pdf)

<use ./Figures/EstimationAlgorithm9.pdf>
Package pdftex.def Info: ./Figures/EstimationAlgorithm9.pdf used on input line 
578.
(pdftex.def)             Requested size: 295.58386pt x 113.81102pt.
 [66

 <./Figures/EstimationAlgorithm9.pdf>] <./Figures/KalmanFilter1.pdf, id=4037, 7
87.94376pt x 449.68pt>
File: ./Figures/KalmanFilter1.pdf Graphic file (type pdf)

<use ./Figures/KalmanFilter1.pdf>
Package pdftex.def Info: ./Figures/KalmanFilter1.pdf used on input line 593.
(pdftex.def)             Requested size: 299.13318pt x 170.71652pt.
 [67

 <./Figures/KalmanFilter1.pdf>]
<./Figures/KalmanFilter2.pdf, id=4094, 787.94376pt x 449.68pt>
File: ./Figures/KalmanFilter2.pdf Graphic file (type pdf)

<use ./Figures/KalmanFilter2.pdf>
Package pdftex.def Info: ./Figures/KalmanFilter2.pdf used on input line 593.
(pdftex.def)             Requested size: 299.13318pt x 170.71652pt.
 [68

 <./Figures/KalmanFilter2.pdf>]
<./Figures/KalmanFilter3.pdf, id=4228, 787.94376pt x 449.68pt>
File: ./Figures/KalmanFilter3.pdf Graphic file (type pdf)

<use ./Figures/KalmanFilter3.pdf>
Package pdftex.def Info: ./Figures/KalmanFilter3.pdf used on input line 593.
(pdftex.def)             Requested size: 299.13318pt x 170.71652pt.
 [69

 <./Figures/KalmanFilter3.pdf>]
<./Figures/KalmanFilter4.pdf, id=4360, 787.94376pt x 449.68pt>
File: ./Figures/KalmanFilter4.pdf Graphic file (type pdf)

<use ./Figures/KalmanFilter4.pdf>
Package pdftex.def Info: ./Figures/KalmanFilter4.pdf used on input line 593.
(pdftex.def)             Requested size: 299.13318pt x 170.71652pt.
 [70

 <./Figures/KalmanFilter4.pdf>]
<./Figures/KalmanFilter5.pdf, id=4514, 787.94376pt x 449.68pt>
File: ./Figures/KalmanFilter5.pdf Graphic file (type pdf)

<use ./Figures/KalmanFilter5.pdf>
Package pdftex.def Info: ./Figures/KalmanFilter5.pdf used on input line 593.
(pdftex.def)             Requested size: 299.13318pt x 170.71652pt.
 [71

 <./Figures/KalmanFilter5.pdf>]
<./Figures/KalmanFilter6.pdf, id=4732, 787.94376pt x 449.68pt>
File: ./Figures/KalmanFilter6.pdf Graphic file (type pdf)

<use ./Figures/KalmanFilter6.pdf>
Package pdftex.def Info: ./Figures/KalmanFilter6.pdf used on input line 593.
(pdftex.def)             Requested size: 299.13318pt x 170.71652pt.
 [72

 <./Figures/KalmanFilter6.pdf>]
<./Figures/KalmanFilter7.pdf, id=4953, 787.94376pt x 449.68pt>
File: ./Figures/KalmanFilter7.pdf Graphic file (type pdf)

<use ./Figures/KalmanFilter7.pdf>
Package pdftex.def Info: ./Figures/KalmanFilter7.pdf used on input line 593.
(pdftex.def)             Requested size: 299.13318pt x 170.71652pt.
 [73

 <./Figures/KalmanFilter7.pdf>]
<./Figures/KalmanFilter8.pdf, id=5145, 787.94376pt x 449.68pt>
File: ./Figures/KalmanFilter8.pdf Graphic file (type pdf)

<use ./Figures/KalmanFilter8.pdf>
Package pdftex.def Info: ./Figures/KalmanFilter8.pdf used on input line 593.
(pdftex.def)             Requested size: 299.13318pt x 170.71652pt.
 [74

 <./Figures/KalmanFilter8.pdf>]
<./Figures/KalmanFilter9.pdf, id=5371, 787.94376pt x 449.68pt>
File: ./Figures/KalmanFilter9.pdf Graphic file (type pdf)

<use ./Figures/KalmanFilter9.pdf>
Package pdftex.def Info: ./Figures/KalmanFilter9.pdf used on input line 593.
(pdftex.def)             Requested size: 299.13318pt x 170.71652pt.
 [75

 <./Figures/KalmanFilter9.pdf>]
<./Figures/KalmanFilter10.pdf, id=5577, 787.94376pt x 449.68pt>
File: ./Figures/KalmanFilter10.pdf Graphic file (type pdf)

<use ./Figures/KalmanFilter10.pdf>
Package pdftex.def Info: ./Figures/KalmanFilter10.pdf used on input line 593.
(pdftex.def)             Requested size: 299.13318pt x 170.71652pt.
 [76

 <./Figures/KalmanFilter10.pdf>]
<./Figures/KalmanFilter11.pdf, id=5798, 787.94376pt x 449.68pt>
File: ./Figures/KalmanFilter11.pdf Graphic file (type pdf)

<use ./Figures/KalmanFilter11.pdf>
Package pdftex.def Info: ./Figures/KalmanFilter11.pdf used on input line 593.
(pdftex.def)             Requested size: 299.13318pt x 170.71652pt.
 [77

 <./Figures/KalmanFilter11.pdf>]
<./Figures/KalmanFilter12.pdf, id=5989, 787.94376pt x 449.68pt>
File: ./Figures/KalmanFilter12.pdf Graphic file (type pdf)

<use ./Figures/KalmanFilter12.pdf>
Package pdftex.def Info: ./Figures/KalmanFilter12.pdf used on input line 593.
(pdftex.def)             Requested size: 299.13318pt x 170.71652pt.
 [78

 <./Figures/KalmanFilter12.pdf>]
File: ./Figures/EstimationAlgorithm7.pdf Graphic file (type pdf)

<use ./Figures/EstimationAlgorithm7.pdf>
Package pdftex.def Info: ./Figures/EstimationAlgorithm7.pdf used on input line 
599.
(pdftex.def)             Requested size: 295.58386pt x 113.81102pt.
 [79

] [80

]
<./Figures/fig6.pdf, id=6130, 232.30469pt x 144.54pt>
File: ./Figures/fig6.pdf Graphic file (type pdf)
 <use ./Figures/fig6.pdf>
Package pdftex.def Info: ./Figures/fig6.pdf used on input line 617.
(pdftex.def)             Requested size: 274.39008pt x 170.71652pt.

[81

 <./Figures/fig6.pdf>]
<./Figures/Figure7a.pdf, id=6164, 130.086pt x 130.086pt>
File: ./Figures/Figure7a.pdf Graphic file (type pdf)

<use ./Figures/Figure7a.pdf>
Package pdftex.def Info: ./Figures/Figure7a.pdf used on input line 630.
(pdftex.def)             Requested size: 71.13463pt x 71.13188pt.

<./Figures/Figure7b.pdf, id=6165, 130.086pt x 130.086pt>
File: ./Figures/Figure7b.pdf Graphic file (type pdf)

<use ./Figures/Figure7b.pdf>
Package pdftex.def Info: ./Figures/Figure7b.pdf used on input line 630.
(pdftex.def)             Requested size: 71.13463pt x 71.13188pt.

<./Figures/Figure7c.pdf, id=6166, 130.086pt x 130.086pt>
File: ./Figures/Figure7c.pdf Graphic file (type pdf)

<use ./Figures/Figure7c.pdf>
Package pdftex.def Info: ./Figures/Figure7c.pdf used on input line 630.
(pdftex.def)             Requested size: 71.13463pt x 71.13188pt.

<./Figures/Figure7d.pdf, id=6167, 130.086pt x 130.086pt>
File: ./Figures/Figure7d.pdf Graphic file (type pdf)

<use ./Figures/Figure7d.pdf>
Package pdftex.def Info: ./Figures/Figure7d.pdf used on input line 630.
(pdftex.def)             Requested size: 71.13463pt x 71.13188pt.
File: ./Figures/Kernel2.pdf Graphic file (type pdf)
 <use ./Figures/Kernel2.pdf>
Package pdftex.def Info: ./Figures/Kernel2.pdf used on input line 630.
(pdftex.def)             Requested size: 71.13216pt x 71.13188pt.
File: ./Figures/Kernel3.pdf Graphic file (type pdf)

<use ./Figures/Kernel3.pdf>
Package pdftex.def Info: ./Figures/Kernel3.pdf used on input line 630.
(pdftex.def)             Requested size: 71.13216pt x 71.13188pt.
File: ./Figures/Kernel4.pdf Graphic file (type pdf)
 <use ./Figures/Kernel4.pdf>
Package pdftex.def Info: ./Figures/Kernel4.pdf used on input line 630.
(pdftex.def)             Requested size: 71.13216pt x 71.13188pt.

<./Figures/PSP.pdf, id=6168, 253.94875pt x 202.7575pt>
File: ./Figures/PSP.pdf Graphic file (type pdf)
 <use ./Figures/PSP.pdf>
Package pdftex.def Info: ./Figures/PSP.pdf used on input line 630.
(pdftex.def)             Requested size: 71.27177pt x 56.9055pt.

[82

 <./Figures/Figure7a.pdf> <./Figures/Figure7b.pdf> <./Figures/Figure7c.pdf> <./
Figures/Figure7d.pdf> <./Figures/PSP.pdf>]
<./Figures/Figure10a.pdf, id=6241, 168.63pt x 126.4725pt>
File: ./Figures/Figure10a.pdf Graphic file (type pdf)

<use ./Figures/Figure10a.pdf>
Package pdftex.def Info: ./Figures/Figure10a.pdf used on input line 636.
(pdftex.def)             Requested size: 227.62779pt x 170.71652pt.
 [83

 <./Figures/Figure10a.pdf>]
<./Figures/fig8.pdf, id=6277, 232.30469pt x 144.54pt>
File: ./Figures/fig8.pdf Graphic file (type pdf)
 <use ./Figures/fig8.pdf>
Package pdftex.def Info: ./Figures/fig8.pdf used on input line 642.
(pdftex.def)             Requested size: 274.39008pt x 170.71652pt.

[84

 <./Figures/fig8.pdf>] [85

]
<./Figures/KernelBasis1.pdf, id=6334, 180.675pt x 144.54pt>
File: ./Figures/KernelBasis1.pdf Graphic file (type pdf)

<use ./Figures/KernelBasis1.pdf>
Package pdftex.def Info: ./Figures/KernelBasis1.pdf used on input line 664.
(pdftex.def)             Requested size: 213.4069pt x 170.71652pt.
 [86

 <./Figures/KernelBasis1.pdf>]
<./Figures/KernelConvergence.pdf, id=6370, 221.55289pt x 156.90286pt>
File: ./Figures/KernelConvergence.pdf Graphic file (type pdf)

<use ./Figures/KernelConvergence.pdf>
Package pdftex.def Info: ./Figures/KernelConvergence.pdf used on input line 664
.
(pdftex.def)             Requested size: 241.07541pt x 170.71652pt.
 [87

 <./Figures/KernelConvergence.pdf>]
<./Figures/KernelEstimateCrossSection.pdf, id=6461, 255.81693pt x 122.60272pt>
File: ./Figures/KernelEstimateCrossSection.pdf Graphic file (type pdf)

<use ./Figures/KernelEstimateCrossSection.pdf>
Package pdftex.def Info: ./Figures/KernelEstimateCrossSection.pdf used on input
 line 664.
(pdftex.def)             Requested size: 178.10255pt x 85.35826pt.
 [88

 <./Figures/KernelEstimateCrossSection.pdf>]
<./Figures/DisturbanceWidthTrue.pdf, id=6494, 155.40642pt x 129.79353pt>
File: ./Figures/DisturbanceWidthTrue.pdf Graphic file (type pdf)

<use ./Figures/DisturbanceWidthTrue.pdf>
Package pdftex.def Info: ./Figures/DisturbanceWidthTrue.pdf used on input line 
677.
(pdftex.def)             Requested size: 204.42331pt x 170.71652pt.
 [89

 <./Figures/DisturbanceWidthTrue.pdf>]
<./Figures/DisturbanceWidthEstimationBinary.pdf, id=6531, 133.68211pt x 129.793
53pt>
File: ./Figures/DisturbanceWidthEstimationBinary.pdf Graphic file (type pdf)
 <use ./Figures/DisturbanceWidthEstimationBinary.pdf>
Package pdftex.def Info: ./Figures/DisturbanceWidthEstimationBinary.pdf used on
 input line 677.
(pdftex.def)             Requested size: 175.84691pt x 170.71652pt.
 [90

 <./Figures/DisturbanceWidthEstimationBinary.pdf>]
<./Figures/Histogram.pdf, id=6567, 303.534pt x 93.951pt>
File: ./Figures/Histogram.pdf Graphic file (type pdf)

<use ./Figures/Histogram.pdf>
Package pdftex.def Info: ./Figures/Histogram.pdf used on input line 677.
(pdftex.def)             Requested size: 275.78563pt x 85.35826pt.
 [91

 <./Figures/Histogram.pdf>]
File: ./Figures/StimulationSeizureControl.pdf Graphic file (type pdf)

<use ./Figures/StimulationSeizureControl.pdf>
Package pdftex.def Info: ./Figures/StimulationSeizureControl.pdf used on input 
line 701.
(pdftex.def)             Requested size: 240.24069pt x 170.71652pt.
 [92

]
File: ./Figures/BrainElectrode.pdf Graphic file (type pdf)

<use ./Figures/BrainElectrode.pdf>
Package pdftex.def Info: ./Figures/BrainElectrode.pdf used on input line 701.
(pdftex.def)             Requested size: 272.9053pt x 170.71652pt.
 [93

]
File: ./Figures/Columns.pdf Graphic file (type pdf)
 <use ./Figures/Columns.pdf>
Package pdftex.def Info: ./Figures/Columns.pdf used on input line 701.
(pdftex.def)             Requested size: 105.9542pt x 128.0374pt.
File: ./Figures/WhiteSpace.pdf Graphic file (type pdf)

<use ./Figures/WhiteSpace.pdf>
Package pdftex.def Info: ./Figures/WhiteSpace.pdf used on input line 701.
(pdftex.def)             Requested size: 14.22546pt x 14.22636pt.
File: ./Figures/Anatomy.pdf Graphic file (type pdf)
 <use ./Figures/Anatomy.pdf>
Package pdftex.def Info: ./Figures/Anatomy.pdf used on input line 701.
(pdftex.def)             Requested size: 170.57758pt x 128.0374pt.
 [94

]
<./Figures/PatientHistory.pdf, id=6686, 253.94875pt x 380.42125pt>
File: ./Figures/PatientHistory.pdf Graphic file (type pdf)

<use ./Figures/PatientHistory.pdf>
Package pdftex.def Info: ./Figures/PatientHistory.pdf used on input line 707.
(pdftex.def)             Requested size: 94.97092pt x 142.26378pt.

<./Figures/PatientMRI.pdf, id=6687, 300.12125pt x 380.42125pt>
File: ./Figures/PatientMRI.pdf Graphic file (type pdf)

<use ./Figures/PatientMRI.pdf>
Package pdftex.def Info: ./Figures/PatientMRI.pdf used on input line 707.
(pdftex.def)             Requested size: 112.23836pt x 142.26378pt.

<./Figures/PatientEEG.pdf, id=6688, 255.95625pt x 380.42125pt>
File: ./Figures/PatientEEG.pdf Graphic file (type pdf)

<use ./Figures/PatientEEG.pdf>
Package pdftex.def Info: ./Figures/PatientEEG.pdf used on input line 707.
(pdftex.def)             Requested size: 95.72168pt x 142.26378pt.
 [95

 <./Figures/PatientHistory.pdf> <./Figures/PatientMRI.pdf> <./Figures/PatientEE
G.pdf>] [96

]
\tf@nav=\write6
\openout6 = `DataDrivenFieldModeling_SejnowskiWorkshop.nav'.

\tf@toc=\write7
\openout7 = `DataDrivenFieldModeling_SejnowskiWorkshop.toc'.

\tf@snm=\write8
\openout8 = `DataDrivenFieldModeling_SejnowskiWorkshop.snm'.

Package atveryend Info: Empty hook `BeforeClearDocument' on input line 713.
Package atveryend Info: Empty hook `AfterLastShipout' on input line 713.

(./DataDrivenFieldModeling_SejnowskiWorkshop.aux)
Package atveryend Info: Executing hook `AtVeryEndDocument' on input line 713.
Package atveryend Info: Executing hook `AtEndAfterFileList' on input line 713.


Package rerunfilecheck Warning: File `DataDrivenFieldModeling_SejnowskiWorkshop
.out' has changed.
(rerunfilecheck)                Rerun to get outlines right
(rerunfilecheck)                or use package `bookmark'.

Package rerunfilecheck Info: Checksums for `DataDrivenFieldModeling_SejnowskiWo
rkshop.out':
(rerunfilecheck)             Before: <no file>
(rerunfilecheck)             After:  FB4891D5E6F3705CF80658C6BC87CDCE;705.

LaTeX Warning: Label(s) may have changed. Rerun to get cross-references right.

Package atveryend Info: Empty hook `AtVeryVeryEnd' on input line 713.
 ) 
Here is how much of TeX's memory you used:
 16666 strings out of 493488
 312120 string characters out of 3141326
 379533 words of memory out of 3000000
 19264 multiletter control sequences out of 15000+200000
 56672 words of font info for 118 fonts, out of 3000000 for 9000
 957 hyphenation exceptions out of 8191
 49i,20n,53p,430b,550s stack positions out of 5000i,500n,10000p,200000b,50000s
{/usr/local/texlive/2012/texmf-dist/fonts/enc/dvips/base/8r.enc}</usr/local/t
exlive/2012/texmf-dist/fonts/type1/public/amsfonts/cm/cmbx10.pfb></usr/local/te
xlive/2012/texmf-dist/fonts/type1/public/amsfonts/cm/cmex10.pfb></usr/local/tex
live/2012/texmf-dist/fonts/type1/public/amsfonts/cm/cmmi10.pfb></usr/local/texl
ive/2012/texmf-dist/fonts/type1/public/amsfonts/cm/cmmi7.pfb></usr/local/texliv
e/2012/texmf-dist/fonts/type1/public/amsfonts/cm/cmmi8.pfb></usr/local/texlive/
2012/texmf-dist/fonts/type1/public/amsfonts/cm/cmmib10.pfb></usr/local/texlive/
2012/texmf-dist/fonts/type1/public/amsfonts/cm/cmr10.pfb></usr/local/texlive/20
12/texmf-dist/fonts/type1/public/amsfonts/cm/cmr7.pfb></usr/local/texlive/2012/
texmf-dist/fonts/type1/public/amsfonts/cm/cmss10.pfb></usr/local/texlive/2012/t
exmf-dist/fonts/type1/public/amsfonts/cm/cmss8.pfb></usr/local/texlive/2012/tex
mf-dist/fonts/type1/public/amsfonts/cm/cmssbx10.pfb></usr/local/texlive/2012/te
xmf-dist/fonts/type1/public/amsfonts/cm/cmsy10.pfb></usr/local/texlive/2012/tex
mf-dist/fonts/type1/public/amsfonts/cm/cmsy6.pfb></usr/local/texlive/2012/texmf
-dist/fonts/type1/public/amsfonts/cm/cmsy7.pfb></usr/local/texlive/2012/texmf-d
ist/fonts/type1/public/amsfonts/cm/cmsy8.pfb></usr/local/texlive/2012/texmf-dis
t/fonts/type1/public/amsfonts/symbols/msam10.pfb></usr/local/texlive/2012/texmf
-dist/fonts/type1/public/amsfonts/symbols/msbm10.pfb></usr/local/texlive/2012/t
exmf-dist/fonts/type1/urw/helvetic/uhvb8a.pfb></usr/local/texlive/2012/texmf-di
st/fonts/type1/urw/helvetic/uhvr8a.pfb></usr/local/texlive/2012/texmf-dist/font
s/type1/urw/helvetic/uhvro8a.pfb></usr/local/texlive/2012/texmf-dist/fonts/type
1/urw/times/utmr8a.pfb>
Output written on DataDrivenFieldModeling_SejnowskiWorkshop.pdf (96 pages, 9731
671 bytes).
PDF statistics:
 6883 PDF objects out of 7423 (max. 8388607)
 5153 compressed objects within 52 object streams
 211 named destinations out of 1000 (max. 500000)
 417 words of extra memory for PDF output out of 10000 (max. 10000000)

