This is pdfTeX, Version 3.1415926-2.4-1.40.13 (TeX Live 2012) (format=pdflatex 2012.6.30)  20 MAR 2013 19:18
entering extended mode
 restricted \write18 enabled.
 file:line:error style messages enabled.
 %&-line parsing enabled.
**DataPaper.tex
(./DataPaper.tex
LaTeX2e <2011/06/27>
Babel <v3.8m> and hyphenation patterns for english, dumylang, nohyphenation, ge
rman-x-2012-05-30, ngerman-x-2012-05-30, afrikaans, ancientgreek, ibycus, arabi
c, armenian, basque, bulgarian, catalan, pinyin, coptic, croatian, czech, danis
h, dutch, ukenglish, usenglishmax, esperanto, estonian, ethiopic, farsi, finnis
h, french, friulan, galician, german, ngerman, swissgerman, monogreek, greek, h
ungarian, icelandic, assamese, bengali, gujarati, hindi, kannada, malayalam, ma
rathi, oriya, panjabi, tamil, telugu, indonesian, interlingua, irish, italian, 
kurmanji, latin, latvian, lithuanian, mongolian, mongolianlmc, bokmal, nynorsk,
 polish, portuguese, romanian, romansh, russian, sanskrit, serbian, serbianc, s
lovak, slovenian, spanish, swedish, turkish, turkmen, ukrainian, uppersorbian, 
welsh, loaded.
(/usr/local/texlive/2012/texmf-dist/tex/latex/base/article.cls
Document Class: article 2007/10/19 v1.4h Standard LaTeX document class
(/usr/local/texlive/2012/texmf-dist/tex/latex/base/size10.clo
File: size10.clo 2007/10/19 v1.4h Standard LaTeX file (size option)
)
\c@part=\count79
\c@section=\count80
\c@subsection=\count81
\c@subsubsection=\count82
\c@paragraph=\count83
\c@subparagraph=\count84
\c@figure=\count85
\c@table=\count86
\abovecaptionskip=\skip41
\belowcaptionskip=\skip42
\bibindent=\dimen102
)
(/usr/local/texlive/2012/texmf-dist/tex/latex/base/inputenc.sty
Package: inputenc 2008/03/30 v1.1d Input encoding file
\inpenc@prehook=\toks14
\inpenc@posthook=\toks15

(/usr/local/texlive/2012/texmf-dist/tex/latex/base/utf8.def
File: utf8.def 2008/04/05 v1.1m UTF-8 support for inputenc
Now handling font encoding OML ...
... no UTF-8 mapping file for font encoding OML
Now handling font encoding T1 ...
... processing UTF-8 mapping file for font encoding T1

(/usr/local/texlive/2012/texmf-dist/tex/latex/base/t1enc.dfu
File: t1enc.dfu 2008/04/05 v1.1m UTF-8 support for inputenc
   defining Unicode char U+00A1 (decimal 161)
   defining Unicode char U+00A3 (decimal 163)
   defining Unicode char U+00AB (decimal 171)
   defining Unicode char U+00BB (decimal 187)
   defining Unicode char U+00BF (decimal 191)
   defining Unicode char U+00C0 (decimal 192)
   defining Unicode char U+00C1 (decimal 193)
   defining Unicode char U+00C2 (decimal 194)
   defining Unicode char U+00C3 (decimal 195)
   defining Unicode char U+00C4 (decimal 196)
   defining Unicode char U+00C5 (decimal 197)
   defining Unicode char U+00C6 (decimal 198)
   defining Unicode char U+00C7 (decimal 199)
   defining Unicode char U+00C8 (decimal 200)
   defining Unicode char U+00C9 (decimal 201)
   defining Unicode char U+00CA (decimal 202)
   defining Unicode char U+00CB (decimal 203)
   defining Unicode char U+00CC (decimal 204)
   defining Unicode char U+00CD (decimal 205)
   defining Unicode char U+00CE (decimal 206)
   defining Unicode char U+00CF (decimal 207)
   defining Unicode char U+00D0 (decimal 208)
   defining Unicode char U+00D1 (decimal 209)
   defining Unicode char U+00D2 (decimal 210)
   defining Unicode char U+00D3 (decimal 211)
   defining Unicode char U+00D4 (decimal 212)
   defining Unicode char U+00D5 (decimal 213)
   defining Unicode char U+00D6 (decimal 214)
   defining Unicode char U+00D8 (decimal 216)
   defining Unicode char U+00D9 (decimal 217)
   defining Unicode char U+00DA (decimal 218)
   defining Unicode char U+00DB (decimal 219)
   defining Unicode char U+00DC (decimal 220)
   defining Unicode char U+00DD (decimal 221)
   defining Unicode char U+00DE (decimal 222)
   defining Unicode char U+00DF (decimal 223)
   defining Unicode char U+00E0 (decimal 224)
   defining Unicode char U+00E1 (decimal 225)
   defining Unicode char U+00E2 (decimal 226)
   defining Unicode char U+00E3 (decimal 227)
   defining Unicode char U+00E4 (decimal 228)
   defining Unicode char U+00E5 (decimal 229)
   defining Unicode char U+00E6 (decimal 230)
   defining Unicode char U+00E7 (decimal 231)
   defining Unicode char U+00E8 (decimal 232)
   defining Unicode char U+00E9 (decimal 233)
   defining Unicode char U+00EA (decimal 234)
   defining Unicode char U+00EB (decimal 235)
   defining Unicode char U+00EC (decimal 236)
   defining Unicode char U+00ED (decimal 237)
   defining Unicode char U+00EE (decimal 238)
   defining Unicode char U+00EF (decimal 239)
   defining Unicode char U+00F0 (decimal 240)
   defining Unicode char U+00F1 (decimal 241)
   defining Unicode char U+00F2 (decimal 242)
   defining Unicode char U+00F3 (decimal 243)
   defining Unicode char U+00F4 (decimal 244)
   defining Unicode char U+00F5 (decimal 245)
   defining Unicode char U+00F6 (decimal 246)
   defining Unicode char U+00F8 (decimal 248)
   defining Unicode char U+00F9 (decimal 249)
   defining Unicode char U+00FA (decimal 250)
   defining Unicode char U+00FB (decimal 251)
   defining Unicode char U+00FC (decimal 252)
   defining Unicode char U+00FD (decimal 253)
   defining Unicode char U+00FE (decimal 254)
   defining Unicode char U+00FF (decimal 255)
   defining Unicode char U+0102 (decimal 258)
   defining Unicode char U+0103 (decimal 259)
   defining Unicode char U+0104 (decimal 260)
   defining Unicode char U+0105 (decimal 261)
   defining Unicode char U+0106 (decimal 262)
   defining Unicode char U+0107 (decimal 263)
   defining Unicode char U+010C (decimal 268)
   defining Unicode char U+010D (decimal 269)
   defining Unicode char U+010E (decimal 270)
   defining Unicode char U+010F (decimal 271)
   defining Unicode char U+0110 (decimal 272)
   defining Unicode char U+0111 (decimal 273)
   defining Unicode char U+0118 (decimal 280)
   defining Unicode char U+0119 (decimal 281)
   defining Unicode char U+011A (decimal 282)
   defining Unicode char U+011B (decimal 283)
   defining Unicode char U+011E (decimal 286)
   defining Unicode char U+011F (decimal 287)
   defining Unicode char U+0130 (decimal 304)
   defining Unicode char U+0131 (decimal 305)
   defining Unicode char U+0132 (decimal 306)
   defining Unicode char U+0133 (decimal 307)
   defining Unicode char U+0139 (decimal 313)
   defining Unicode char U+013A (decimal 314)
   defining Unicode char U+013D (decimal 317)
   defining Unicode char U+013E (decimal 318)
   defining Unicode char U+0141 (decimal 321)
   defining Unicode char U+0142 (decimal 322)
   defining Unicode char U+0143 (decimal 323)
   defining Unicode char U+0144 (decimal 324)
   defining Unicode char U+0147 (decimal 327)
   defining Unicode char U+0148 (decimal 328)
   defining Unicode char U+014A (decimal 330)
   defining Unicode char U+014B (decimal 331)
   defining Unicode char U+0150 (decimal 336)
   defining Unicode char U+0151 (decimal 337)
   defining Unicode char U+0152 (decimal 338)
   defining Unicode char U+0153 (decimal 339)
   defining Unicode char U+0154 (decimal 340)
   defining Unicode char U+0155 (decimal 341)
   defining Unicode char U+0158 (decimal 344)
   defining Unicode char U+0159 (decimal 345)
   defining Unicode char U+015A (decimal 346)
   defining Unicode char U+015B (decimal 347)
   defining Unicode char U+015E (decimal 350)
   defining Unicode char U+015F (decimal 351)
   defining Unicode char U+0160 (decimal 352)
   defining Unicode char U+0161 (decimal 353)
   defining Unicode char U+0162 (decimal 354)
   defining Unicode char U+0163 (decimal 355)
   defining Unicode char U+0164 (decimal 356)
   defining Unicode char U+0165 (decimal 357)
   defining Unicode char U+016E (decimal 366)
   defining Unicode char U+016F (decimal 367)
   defining Unicode char U+0170 (decimal 368)
   defining Unicode char U+0171 (decimal 369)
   defining Unicode char U+0178 (decimal 376)
   defining Unicode char U+0179 (decimal 377)
   defining Unicode char U+017A (decimal 378)
   defining Unicode char U+017B (decimal 379)
   defining Unicode char U+017C (decimal 380)
   defining Unicode char U+017D (decimal 381)
   defining Unicode char U+017E (decimal 382)
   defining Unicode char U+200C (decimal 8204)
   defining Unicode char U+2013 (decimal 8211)
   defining Unicode char U+2014 (decimal 8212)
   defining Unicode char U+2018 (decimal 8216)
   defining Unicode char U+2019 (decimal 8217)
   defining Unicode char U+201A (decimal 8218)
   defining Unicode char U+201C (decimal 8220)
   defining Unicode char U+201D (decimal 8221)
   defining Unicode char U+201E (decimal 8222)
   defining Unicode char U+2030 (decimal 8240)
   defining Unicode char U+2031 (decimal 8241)
   defining Unicode char U+2039 (decimal 8249)
   defining Unicode char U+203A (decimal 8250)
   defining Unicode char U+2423 (decimal 9251)
)
Now handling font encoding OT1 ...
... processing UTF-8 mapping file for font encoding OT1

(/usr/local/texlive/2012/texmf-dist/tex/latex/base/ot1enc.dfu
File: ot1enc.dfu 2008/04/05 v1.1m UTF-8 support for inputenc
   defining Unicode char U+00A1 (decimal 161)
   defining Unicode char U+00A3 (decimal 163)
   defining Unicode char U+00B8 (decimal 184)
   defining Unicode char U+00BF (decimal 191)
   defining Unicode char U+00C5 (decimal 197)
   defining Unicode char U+00C6 (decimal 198)
   defining Unicode char U+00D8 (decimal 216)
   defining Unicode char U+00DF (decimal 223)
   defining Unicode char U+00E6 (decimal 230)
   defining Unicode char U+00EC (decimal 236)
   defining Unicode char U+00ED (decimal 237)
   defining Unicode char U+00EE (decimal 238)
   defining Unicode char U+00EF (decimal 239)
   defining Unicode char U+00F8 (decimal 248)
   defining Unicode char U+0131 (decimal 305)
   defining Unicode char U+0141 (decimal 321)
   defining Unicode char U+0142 (decimal 322)
   defining Unicode char U+0152 (decimal 338)
   defining Unicode char U+0153 (decimal 339)
   defining Unicode char U+2013 (decimal 8211)
   defining Unicode char U+2014 (decimal 8212)
   defining Unicode char U+2018 (decimal 8216)
   defining Unicode char U+2019 (decimal 8217)
   defining Unicode char U+201C (decimal 8220)
   defining Unicode char U+201D (decimal 8221)
)
Now handling font encoding OMS ...
... processing UTF-8 mapping file for font encoding OMS

(/usr/local/texlive/2012/texmf-dist/tex/latex/base/omsenc.dfu
File: omsenc.dfu 2008/04/05 v1.1m UTF-8 support for inputenc
   defining Unicode char U+00A7 (decimal 167)
   defining Unicode char U+00B6 (decimal 182)
   defining Unicode char U+00B7 (decimal 183)
   defining Unicode char U+2020 (decimal 8224)
   defining Unicode char U+2021 (decimal 8225)
   defining Unicode char U+2022 (decimal 8226)
)
Now handling font encoding OMX ...
... no UTF-8 mapping file for font encoding OMX
Now handling font encoding U ...
... no UTF-8 mapping file for font encoding U
   defining Unicode char U+00A9 (decimal 169)
   defining Unicode char U+00AA (decimal 170)
   defining Unicode char U+00AE (decimal 174)
   defining Unicode char U+00BA (decimal 186)
   defining Unicode char U+02C6 (decimal 710)
   defining Unicode char U+02DC (decimal 732)
   defining Unicode char U+200C (decimal 8204)
   defining Unicode char U+2026 (decimal 8230)
   defining Unicode char U+2122 (decimal 8482)
   defining Unicode char U+2423 (decimal 9251)
))
(/usr/local/texlive/2012/texmf-dist/tex/latex/preprint/fullpage.sty
Package: fullpage 1999/02/23 1.1 (PWD)
\FP@margin=\skip43
)
(/usr/local/texlive/2012/texmf-dist/tex/latex/boxedminipage/boxedminipage.sty)
(/usr/local/texlive/2012/texmf-dist/tex/latex/listings/listings.sty
(/usr/local/texlive/2012/texmf-dist/tex/latex/graphics/keyval.sty
Package: keyval 1999/03/16 v1.13 key=value parser (DPC)
\KV@toks@=\toks16
)
\lst@mode=\count87
\lst@gtempboxa=\box26
\lst@token=\toks17
\lst@length=\count88
\lst@currlwidth=\dimen103
\lst@column=\count89
\lst@pos=\count90
\lst@lostspace=\dimen104
\lst@width=\dimen105
\lst@newlines=\count91
\lst@lineno=\count92
\lst@maxwidth=\dimen106

(/usr/local/texlive/2012/texmf-dist/tex/latex/listings/lstmisc.sty
File: lstmisc.sty 2007/02/22 1.4 (Carsten Heinz)
\c@lstnumber=\count93
\lst@skipnumbers=\count94
\lst@framebox=\box27
)
(/usr/local/texlive/2012/texmf-dist/tex/latex/listings/listings.cfg
File: listings.cfg 2007/02/22 1.4 listings configuration
))
Package: listings 2007/02/22 1.4 (Carsten Heinz)

(/usr/local/texlive/2012/texmf-dist/tex/latex/minitoc/minitoc.sty
Package: minitoc 2008/07/16 v60 Package minitoc (JPFD)

(/usr/local/texlive/2012/texmf-dist/tex/latex/minitoc/mtcmess.sty
Package: mtcmess 2006/03/14
)
Package minitoc Info: I0001
(minitoc)             *** minitoc package, version 60 ***.
\tf@mtc=\write3
\mtcindent=\skip44
\mtcskipamount=\skip45
Package minitoc Info: I0005
(minitoc)             compatible with hyperref.
Package minitoc Info: I0023
(minitoc)             part level macros available.
Package minitoc Info: I0004
(minitoc)             chapter level macros NOT available.
Package minitoc Info: I0028
(minitoc)             section level macros available.
\mtc@toks=\toks18
\mtc@strutbox=\box28
\mtc@hstrutbox=\box29
Package minitoc Info: I0002
(minitoc)             Autoconfiguration of extensions.
\openout3 = `DataPaper.mtc0'.

\openout3 = `DataPaper.mtc'.


(./DataPaper.mtc0)
Package minitoc Info: I0012
(minitoc)             Long extensions (Unix-like) will be used.
Package minitoc Info: I0031
(minitoc)             ==> this version is configured for UNIX-like 
(minitoc)                 (long extensions) file names.
\openout3 = `DataPaper.mtc'.

\openout3 = `DataPaper.mtc0'.

\c@ptc=\count95
\c@parttocdepth=\count96
\ptcindent=\skip46
\c@stc=\count97
\c@secttocdepth=\count98
\stcindent=\skip47
Package minitoc Info: I0010
(minitoc)             The english language is selected.
(minitoc)              on input line 4910.

(/usr/local/texlive/2012/texmf-dist/tex/latex/minitoc/english.mld
File: english.mld 2006/01/13
)
(/usr/local/texlive/2012/texmf-dist/tex/latex/minitoc/english.mld
File: english.mld 2006/01/13
))
(/usr/local/texlive/2012/texmf-dist/tex/generic/oberdiek/ifpdf.sty
Package: ifpdf 2011/01/30 v2.3 Provides the ifpdf switch (HO)
Package ifpdf Info: pdfTeX in PDF mode is detected.
)
(/usr/local/texlive/2012/texmf-dist/tex/latex/amsmath/amsmath.sty
Package: amsmath 2000/07/18 v2.13 AMS math features
\@mathmargin=\skip48

For additional information on amsmath, use the `?' option.
(/usr/local/texlive/2012/texmf-dist/tex/latex/amsmath/amstext.sty
Package: amstext 2000/06/29 v2.01

(/usr/local/texlive/2012/texmf-dist/tex/latex/amsmath/amsgen.sty
File: amsgen.sty 1999/11/30 v2.0
\@emptytoks=\toks19
\ex@=\dimen107
))
(/usr/local/texlive/2012/texmf-dist/tex/latex/amsmath/amsbsy.sty
Package: amsbsy 1999/11/29 v1.2d
\pmbraise@=\dimen108
)
(/usr/local/texlive/2012/texmf-dist/tex/latex/amsmath/amsopn.sty
Package: amsopn 1999/12/14 v2.01 operator names
)
\inf@bad=\count99
LaTeX Info: Redefining \frac on input line 211.
\uproot@=\count100
\leftroot@=\count101
LaTeX Info: Redefining \overline on input line 307.
\classnum@=\count102
\DOTSCASE@=\count103
LaTeX Info: Redefining \ldots on input line 379.
LaTeX Info: Redefining \dots on input line 382.
LaTeX Info: Redefining \cdots on input line 467.
\Mathstrutbox@=\box30
\strutbox@=\box31
\big@size=\dimen109
LaTeX Font Info:    Redeclaring font encoding OML on input line 567.
LaTeX Font Info:    Redeclaring font encoding OMS on input line 568.
\macc@depth=\count104
\c@MaxMatrixCols=\count105
\dotsspace@=\muskip10
\c@parentequation=\count106
\dspbrk@lvl=\count107
\tag@help=\toks20
\row@=\count108
\column@=\count109
\maxfields@=\count110
\andhelp@=\toks21
\eqnshift@=\dimen110
\alignsep@=\dimen111
\tagshift@=\dimen112
\tagwidth@=\dimen113
\totwidth@=\dimen114
\lineht@=\dimen115
\@envbody=\toks22
\multlinegap=\skip49
\multlinetaggap=\skip50
\mathdisplay@stack=\toks23
LaTeX Info: Redefining \[ on input line 2666.
LaTeX Info: Redefining \] on input line 2667.
)
(/usr/local/texlive/2012/texmf-dist/tex/latex/amsfonts/amssymb.sty
Package: amssymb 2009/06/22 v3.00

(/usr/local/texlive/2012/texmf-dist/tex/latex/amsfonts/amsfonts.sty
Package: amsfonts 2009/06/22 v3.00 Basic AMSFonts support
\symAMSa=\mathgroup4
\symAMSb=\mathgroup5
LaTeX Font Info:    Overwriting math alphabet `\mathfrak' in version `bold'
(Font)                  U/euf/m/n --> U/euf/b/n on input line 96.
))
(/usr/local/texlive/2012/texmf-dist/tex/latex/float/float.sty
Package: float 2001/11/08 v1.3d Float enhancements (AL)
\c@float@type=\count111
\float@exts=\toks24
\float@box=\box32
\@float@everytoks=\toks25
\@floatcapt=\box33
)
\@float@every@algorithm=\toks26
\c@algorithm=\count112

(/usr/local/texlive/2012/texmf-dist/tex/latex/graphics/graphicx.sty
Package: graphicx 1999/02/16 v1.0f Enhanced LaTeX Graphics (DPC,SPQR)

(/usr/local/texlive/2012/texmf-dist/tex/latex/graphics/graphics.sty
Package: graphics 2009/02/05 v1.0o Standard LaTeX Graphics (DPC,SPQR)

(/usr/local/texlive/2012/texmf-dist/tex/latex/graphics/trig.sty
Package: trig 1999/03/16 v1.09 sin cos tan (DPC)
)
(/usr/local/texlive/2012/texmf-dist/tex/latex/latexconfig/graphics.cfg
File: graphics.cfg 2010/04/23 v1.9 graphics configuration of TeX Live
)
Package graphics Info: Driver file: pdftex.def on input line 91.

(/usr/local/texlive/2012/texmf-dist/tex/latex/pdftex-def/pdftex.def
File: pdftex.def 2011/05/27 v0.06d Graphics/color for pdfTeX

(/usr/local/texlive/2012/texmf-dist/tex/generic/oberdiek/infwarerr.sty
Package: infwarerr 2010/04/08 v1.3 Providing info/warning/error messages (HO)
)
(/usr/local/texlive/2012/texmf-dist/tex/generic/oberdiek/ltxcmds.sty
Package: ltxcmds 2011/11/09 v1.22 LaTeX kernel commands for general use (HO)
)
\Gread@gobject=\count113
))
\Gin@req@height=\dimen116
\Gin@req@width=\dimen117
)
(/usr/local/texlive/2012/texmf-dist/tex/latex/subfig/subfig.sty
Package: subfig 2005/06/28 ver: 1.3 subfig package

(/usr/local/texlive/2012/texmf-dist/tex/latex/caption/caption.sty
Package: caption 2012/02/19 v3.2f Customizing captions (AR)

(/usr/local/texlive/2012/texmf-dist/tex/latex/caption/caption3.sty
Package: caption3 2012/01/12 v1.4b caption3 kernel (AR)
\captionmargin=\dimen118
\captionmargin@=\dimen119
\captionwidth=\dimen120
\caption@indent=\dimen121
\caption@parindent=\dimen122
\caption@hangindent=\dimen123
)
\c@ContinuedFloat=\count114
Package caption Info: float package is loaded.
Package caption Info: listings package is loaded.
)
\c@KVtest=\count115
\sf@farskip=\skip51
\sf@captopadj=\dimen124
\sf@capskip=\skip52
\sf@nearskip=\skip53
\c@subfigure=\count116
\c@subfigure@save=\count117
\c@lofdepth=\count118
\c@subtable=\count119
\c@subtable@save=\count120
\c@lotdepth=\count121
\sf@top=\skip54
\sf@bottom=\skip55
)
(/usr/local/texlive/2012/texmf-dist/tex/latex/graphics/color.sty
Package: color 2005/11/14 v1.0j Standard LaTeX Color (DPC)

(/usr/local/texlive/2012/texmf-dist/tex/latex/latexconfig/color.cfg
File: color.cfg 2007/01/18 v1.5 color configuration of teTeX/TeXLive
)
Package color Info: Driver file: pdftex.def on input line 130.
)
No file DataPaper.aux.
\openout1 = `DataPaper.aux'.

LaTeX Font Info:    Checking defaults for OML/cmm/m/it on input line 73.
LaTeX Font Info:    ... okay on input line 73.
LaTeX Font Info:    Checking defaults for T1/cmr/m/n on input line 73.
LaTeX Font Info:    ... okay on input line 73.
LaTeX Font Info:    Checking defaults for OT1/cmr/m/n on input line 73.
LaTeX Font Info:    ... okay on input line 73.
LaTeX Font Info:    Checking defaults for OMS/cmsy/m/n on input line 73.
LaTeX Font Info:    ... okay on input line 73.
LaTeX Font Info:    Checking defaults for OMX/cmex/m/n on input line 73.
LaTeX Font Info:    ... okay on input line 73.
LaTeX Font Info:    Checking defaults for U/cmr/m/n on input line 73.
LaTeX Font Info:    ... okay on input line 73.
\c@lstlisting=\count122
\c@minilofdepth=\count123
\c@minilotdepth=\count124
\c@partlofdepth=\count125
\c@partlotdepth=\count126
\c@sectlofdepth=\count127
\c@sectlotdepth=\count128
Package minitoc(hints) Info: I0049
(minitoc(hints))             ==> You requested the hints option. 
(minitoc(hints))             Some hints are eventually given below.
(/usr/local/texlive/2012/texmf-dist/tex/context/base/supp-pdf.mkii
[Loading MPS to PDF converter (version 2006.09.02).]
\scratchcounter=\count129
\scratchdimen=\dimen125
\scratchbox=\box34
\nofMPsegments=\count130
\nofMParguments=\count131
\everyMPshowfont=\toks27
\MPscratchCnt=\count132
\MPscratchDim=\dimen126
\MPnumerator=\count133
\makeMPintoPDFobject=\count134
\everyMPtoPDFconversion=\toks28
) (/usr/local/texlive/2012/texmf-dist/tex/generic/oberdiek/pdftexcmds.sty
Package: pdftexcmds 2011/11/29 v0.20 Utility functions of pdfTeX for LuaTeX (HO
)

(/usr/local/texlive/2012/texmf-dist/tex/generic/oberdiek/ifluatex.sty
Package: ifluatex 2010/03/01 v1.3 Provides the ifluatex switch (HO)
Package ifluatex Info: LuaTeX not detected.
)
Package pdftexcmds Info: LuaTeX not detected.
Package pdftexcmds Info: \pdf@primitive is available.
Package pdftexcmds Info: \pdf@ifprimitive is available.
Package pdftexcmds Info: \pdfdraftmode found.
)
(/usr/local/texlive/2012/texmf-dist/tex/latex/oberdiek/epstopdf-base.sty
Package: epstopdf-base 2010/02/09 v2.5 Base part for package epstopdf

(/usr/local/texlive/2012/texmf-dist/tex/latex/oberdiek/grfext.sty
Package: grfext 2010/08/19 v1.1 Manage graphics extensions (HO)

(/usr/local/texlive/2012/texmf-dist/tex/generic/oberdiek/kvdefinekeys.sty
Package: kvdefinekeys 2011/04/07 v1.3 Define keys (HO)
))
(/usr/local/texlive/2012/texmf-dist/tex/latex/oberdiek/kvoptions.sty
Package: kvoptions 2011/06/30 v3.11 Key value format for package options (HO)

(/usr/local/texlive/2012/texmf-dist/tex/generic/oberdiek/kvsetkeys.sty
Package: kvsetkeys 2012/04/25 v1.16 Key value parser (HO)

(/usr/local/texlive/2012/texmf-dist/tex/generic/oberdiek/etexcmds.sty
Package: etexcmds 2011/02/16 v1.5 Avoid name clashes with e-TeX commands (HO)
Package etexcmds Info: Could not find \expanded.
(etexcmds)             That can mean that you are not using pdfTeX 1.50 or
(etexcmds)             that some package has redefined \expanded.
(etexcmds)             In the latter case, load this package earlier.
)))
Package grfext Info: Graphics extension search list:
(grfext)             [.png,.pdf,.jpg,.mps,.jpeg,.jbig2,.jb2,.PNG,.PDF,.JPG,.JPE
G,.JBIG2,.JB2,.eps]
(grfext)             \AppendGraphicsExtensions on input line 452.

(/usr/local/texlive/2012/texmf-dist/tex/latex/latexconfig/epstopdf-sys.cfg
File: epstopdf-sys.cfg 2010/07/13 v1.3 Configuration of (r)epstopdf for TeX Liv
e
))
Package caption Info: Begin \AtBeginDocument code.
Package caption Info: subfig package v1.3 is loaded.
Package caption Info: End \AtBeginDocument code.
LaTeX Font Info:    Try loading font information for U+msa on input line 81.

(/usr/local/texlive/2012/texmf-dist/tex/latex/amsfonts/umsa.fd
File: umsa.fd 2009/06/22 v3.00 AMS symbols A
)
LaTeX Font Info:    Try loading font information for U+msb on input line 81.

(/usr/local/texlive/2012/texmf-dist/tex/latex/amsfonts/umsb.fd
File: umsb.fd 2009/06/22 v3.00 AMS symbols B
)
LaTeX Font Info:    Try loading font information for OMS+cmr on input line 87.

(/usr/local/texlive/2012/texmf-dist/tex/latex/base/omscmr.fd
File: omscmr.fd 1999/05/25 v2.5h Standard LaTeX font definitions
)
LaTeX Font Info:    Font shape `OMS/cmr/m/n' in size <9> not available
(Font)              Font shape `OMS/cmsy/m/n' tried instead on input line 87.
LaTeX Font Info:    Font shape `OMS/cmr/m/n' in size <10> not available
(Font)              Font shape `OMS/cmsy/m/n' tried instead on input line 96.
 [1

{/usr/local/texlive/2012/texmf-var/fonts/map/pdftex/updmap/pdftex.map}]

LaTeX Warning: Citation `Albert2002' on page 2 undefined on input line 116.


LaTeX Warning: Citation `Bang-Jensen2010' on page 2 undefined on input line 116
.


LaTeX Warning: Citation `Kotter2004' on page 2 undefined on input line 116.


LaTeX Warning: Citation `Ghosh2008' on page 2 undefined on input line 116.


LaTeX Warning: Citation `Deco2009' on page 2 undefined on input line 116.


LaTeX Warning: Citation `Jirsa2010' on page 2 undefined on input line 116.


LaTeX Warning: Citation `Deco2010' on page 2 undefined on input line 116.


LaTeX Warning: Citation `Wilson1973' on page 2 undefined on input line 121.


LaTeX Warning: Citation `Amari1977' on page 2 undefined on input line 121.


LaTeX Font Warning: Font shape `OT1/cmss/m/it' in size <10> not available
(Font)              Font shape `OT1/cmss/m/sl' tried instead on input line 121.



LaTeX Font Warning: Font shape `OT1/cmss/bx/it' undefined
(Font)              using `OT1/cmss/bx/n' instead on input line 121.

[2]

LaTeX Warning: Reference `DecompositionOfg' on page 3 undefined on input line 1
43.


LaTeX Warning: Reference `SpikesToPotential' on page 3 undefined on input line 
143.


LaTeX Warning: Reference `StochasticModel' on page 3 undefined on input line 14
8.


LaTeX Warning: Reference `DifferentialEquationContTime' on page 3 undefined on 
input line 157.


LaTeX Warning: Reference `EulerMethod' on page 3 undefined on input line 161.


LaTeX Warning: Citation `Rasmussen2005' on page 3 undefined on input line 172.


LaTeX Warning: Reference `DefFieldDecomp' on page 3 undefined on input line 182
.


LaTeX Warning: Reference `NoisyDiscreteTimeModel' on page 3 undefined on input 
line 182.


LaTeX Warning: Reference `eq:reduced continuous model' on page 3 undefined on i
nput line 188.

[3]

LaTeX Warning: Reference `DefFieldDecomp' on page 4 undefined on input line 226
.


LaTeX Warning: Reference `eq:ObservationEquation' on page 4 undefined on input 
line 226.

[4]

LaTeX Warning: Reference `eq:EM-ObservationEquation' on page 5 undefined on inp
ut line 267.


LaTeX Warning: Reference `eq:EM-DiscreteTimeModel' on page 5 undefined on input
 line 271.

[5]

LaTeX Warning: Reference `eq:EM-ExpectationToCancelNoise' on page 6 undefined o
n input line 284.


LaTeX Warning: Reference `eq:EM-FirstTermReduced' on page 6 undefined on input 
line 292.


LaTeX Warning: Reference `eq:EM-ExpectationToCancelNoise' on page 6 undefined o
n input line 292.


LaTeX Warning: Reference `eq:EM-SimplifiedFirstTerm' on page 6 undefined on inp
ut line 296.


LaTeX Warning: Reference `eq:EM-RateBasedInteractions' on page 6 undefined on i
nput line 296.


LaTeX Warning: Reference `eq:EM-before_linearization' on page 6 undefined on in
put line 310.


LaTeX Warning: Reference `eq:EM-after_linearization1' on page 6 undefined on in
put line 314.


LaTeX Warning: Reference `eq:EM-FirstTermReduced' on page 6 undefined on input 
line 322.


LaTeX Warning: Reference `eq:EM-second_term_reduced' on page 6 undefined on inp
ut line 326.


LaTeX Warning: Reference `eq:EM-SimplifiedFirstTerm' on page 6 undefined on inp
ut line 326.


LaTeX Warning: Reference `eq:EM-SimplifiedXcorr' on page 6 undefined on input l
ine 331.

[6]

LaTeX Warning: Reference `eq:EM-XcorrFourier' on page 7 undefined on input line
 340.


LaTeX Warning: Reference `eq:EM-Fourier_TF_of_Kernel' on page 7 undefined on in
put line 344.


LaTeX Warning: Reference `eq:EM-Fourier_TF_of_Kernel' on page 7 undefined on in
put line 346.


LaTeX Warning: Citation `Ricker2003' on page 7 undefined on input line 346.


LaTeX Warning: Citation `Bracewell2000' on page 7 undefined on input line 354.


LaTeX Warning: Reference `eq:EM-ObservationEquation' on page 7 undefined on inp
ut line 370.

[7]

LaTeX Warning: Reference `eq:EM-Autoterm1' on page 8 undefined on input line 38
7.


LaTeX Warning: Reference `eq:EM-Autoterm2' on page 8 undefined on input line 38
7.


LaTeX Warning: Reference `eq:EM-Autoterm3' on page 8 undefined on input line 38
7.


LaTeX Warning: Reference `eq:EM-expanded_auto_corr' on page 8 undefined on inpu
t line 387.


LaTeX Warning: Reference `eq:EM-Auto&CrossNoisy' on page 8 undefined on input l
ine 392.


LaTeX Warning: Reference `eq:EM-Auto&CrossNoisy' on page 8 undefined on input l
ine 403.


LaTeX Warning: Reference `eq:EM-Fourier_TF_of_Kernel' on page 8 undefined on in
put line 413.

[8]

LaTeX Warning: Reference `eq:EM-MMGFourier2' on page 9 undefined on input line 
433.


LaTeX Warning: Reference `eq:EM-MMGFourier2' on page 9 undefined on input line 
433.


LaTeX Warning: Reference `eq:EM-MMGFourier2' on page 9 undefined on input line 
433.


LaTeX Warning: Reference `eq:DefKernelDecomp' on page 9 undefined on input line
 444.


LaTeX Warning: Reference `eq:ReducedForm' on page 9 undefined on input line 444
.


LaTeX Warning: Reference `eq:DefPsi' on page 9 undefined on input line 472.


LaTeX Warning: Reference `eq:ReucedFormWithKernelDecomp' on page 9 undefined on
 input line 472.

[9]

LaTeX Warning: Reference `eq:ReucedFormWithKernelDecomp' on page 10 undefined o
n input line 477.


LaTeX Warning: Reference `eq:DefPsi' on page 10 undefined on input line 477.


LaTeX Warning: Citation `Dempster1977' on page 10 undefined on input line 489.


LaTeX Warning: Citation `Shumway2000' on page 10 undefined on input line 489.


LaTeX Warning: Citation `McLachlan1997' on page 10 undefined on input line 489.



LaTeX Warning: Reference `eq:StateEq' on page 10 undefined on input line 491.


LaTeX Warning: Citation `Sarkka2010' on page 10 undefined on input line 495.


LaTeX Warning: Citation `Julier1997' on page 10 undefined on input line 495.


LaTeX Warning: Citation `Merwe2003' on page 10 undefined on input line 495.

[10]

LaTeX Warning: Citation `Haykin2001' on page 11 undefined on input line 505.


LaTeX Warning: Citation `Julier2002a' on page 11 undefined on input line 505.


LaTeX Warning: Citation `Haykin2001' on page 11 undefined on input line 513.


LaTeX Warning: Reference `ObservationEquation' on page 11 undefined on input li
ne 513.


LaTeX Warning: Reference `tab:URTSSAlgorithm' on page 11 undefined on input lin
e 513.


LaTeX Warning: Reference `eq:jointdistribution' on page 11 undefined on input l
ine 528.


LaTeX Warning: Reference `eq:QFunction' on page 11 undefined on input line 528.


[11]

LaTeX Warning: Reference `eq:EM-QwithInitialstates' on page 12 undefined on inp
ut line 533.


LaTeX Warning: Reference `eq:EM-QwithInitialstates' on page 12 undefined on inp
ut line 537.


LaTeX Warning: Reference `eq:CovarianceMatrix' on page 12 undefined on input li
ne 549.


LaTeX Warning: Reference `eq:EM-MMGFourier2' on page 12 undefined on input line
 549.


LaTeX Warning: Reference `eq:EM-twicelog1' on page 12 undefined on input line 5
49.


LaTeX Warning: Reference `eq:EM-twicelog2' on page 12 undefined on input line 5
49.


LaTeX Warning: Reference `eq:EM-CondititionDist1' on page 12 undefined on input
 line 556.


LaTeX Warning: Reference `eq:EM-CondititionDist2' on page 12 undefined on input
 line 556.

[12]

LaTeX Warning: Reference `eq:EM-Qfunctiontrace1' on page 13 undefined on input 
line 563.


LaTeX Warning: Reference `eq:EM-Qfunctiontrace2' on page 13 undefined on input 
line 563.


LaTeX Warning: Reference `eq:QIntermsofJointDist' on page 13 undefined on input
 line 563.


LaTeX Warning: Reference `eq:Voldermont' on page 13 undefined on input line 572
.


LaTeX Warning: Citation `Shumway2000' on page 13 undefined on input line 572.


LaTeX Warning: Reference `eq:EM-Qfunctiontrace1' on page 13 undefined on input 
line 572.


LaTeX Warning: Reference `eq:EM-Xi0derivation1' on page 13 undefined on input l
ine 572.


LaTeX Warning: Reference `eq:Voldermont' on page 13 undefined on input line 581
.

[13]

LaTeX Warning: Reference `eq:VoldermontwitXivariables' on page 14 undefined on 
input line 588.


LaTeX Warning: Citation `Gibsona2005' on page 14 undefined on input line 588.


LaTeX Warning: Reference `eq:EM-Xi0derivation1' on page 14 undefined on input l
ine 600.


LaTeX Warning: Reference `eq:EM-Xi1derivation1' on page 14 undefined on input l
ine 600.


LaTeX Warning: Reference `eq:defofXi0' on page 14 undefined on input line 600.


LaTeX Warning: Reference `eq:defofXi1' on page 14 undefined on input line 600.


LaTeX Warning: Reference `eq:SigmoidTaylor' on page 14 undefined on input line 
622.


LaTeX Warning: Reference `eq:QmatrixForSigmapoints' on page 14 undefined on inp
ut line 622.

[14]

LaTeX Warning: Reference `eq:qTaylor' on page 15 undefined on input line 626.


LaTeX Warning: Reference `eq:defofXi3' on page 15 undefined on input line 626.


LaTeX Warning: Reference `eq:defofXi5' on page 15 undefined on input line 626.


LaTeX Warning: Reference `eq:defofXi3' on page 15 undefined on input line 626.


LaTeX Warning: Reference `eq:qTaylor' on page 15 undefined on input line 626.


LaTeX Warning: Reference `eq:Xi3Derivation1' on page 15 undefined on input line
 630.


LaTeX Warning: Reference `eq:Xi3Derivation2' on page 15 undefined on input line
 634.


LaTeX Warning: Reference `eq:EM-PrimeryXi1derivation1' on page 15 undefined on 
input line 639.


LaTeX Warning: Reference `eq:defofXi4' on page 15 undefined on input line 643.


LaTeX Warning: Reference `eq:qTaylor' on page 15 undefined on input line 643.


LaTeX Warning: Reference `eq:-EMterm4' on page 15 undefined on input line 663.

[15]

LaTeX Warning: Reference `eq:Xi4derivation1' on page 16 undefined on input line
 673.


LaTeX Warning: Reference `eq:defofXi5' on page 16 undefined on input line 690.


LaTeX Warning: Reference `eq:Xi5derivation1' on page 16 undefined on input line
 694.


LaTeX Warning: Reference `eq:EM-PrimeryXi0derivation1' on page 16 undefined on 
input line 699.


LaTeX Warning: Reference `eq:VoldermontwitXivariables' on page 16 undefined on 
input line 705.

[16]

LaTeX Warning: Reference `eq:thetahat' on page 17 undefined on input line 709.


LaTeX Warning: Reference `eq:Qpartialtheta' on page 17 undefined on input line 
717.


LaTeX Warning: Reference `eq:EM-traceinequality' on page 17 undefined on input 
line 721.

[17]

LaTeX Warning: Citation `Horn2005' on page 18 undefined on input line 746.


LaTeX Warning: Citation `Coope1994' on page 18 undefined on input line 746.


LaTeX Warning: Reference `eq:SecondDerivativexi' on page 18 undefined on input 
line 750.


LaTeX Warning: Reference `eq:SecondDerivativetheta' on page 18 undefined on inp
ut line 750.


LaTeX Warning: Citation `Golub1996' on page 18 undefined on input line 750.


LaTeX Warning: Reference `eq:QmatrixForSigmapoints' on page 18 undefined on inp
ut line 750.


LaTeX Warning: Citation `MacKay1992' on page 18 undefined on input line 750.


LaTeX Warning: Reference `eq:SecondDerivativenoise' on page 18 undefined on inp
ut line 750.


LaTeX Warning: Reference `eq:SecondDerivativedisturbance' on page 18 undefined 
on input line 750.


LaTeX Warning: Reference `alg:EM-EMAlgorithm' on page 18 undefined on input lin
e 750.


LaTeX Warning: Reference `sec:EM-Results' on page 18 undefined on input line 75
2.


LaTeX Warning: Citation `McLachlan1997' on page 18 undefined on input line 752.



LaTeX Warning: Reference `table:ComputationalComplexity' on page 18 undefined o
n input line 754.


LaTeX Warning: Citation `Sarkka2010' on page 18 undefined on input line 754.


LaTeX Warning: Reference `eq:QmatrixForSigmapoints' on page 18 undefined on inp
ut line 770.


LaTeX Warning: Reference `eq:Xi0Gibson' on page 18 undefined on input line 770.



LaTeX Warning: Reference `eq:Xi1Gibson' on page 18 undefined on input line 770.



LaTeX Warning: Reference `eq:Xi2Gibson' on page 18 undefined on input line 770.



LaTeX Warning: Reference `eq:Xi3Ap' on page 18 undefined on input line 770.


LaTeX Warning: Reference `eq:Xi5Ap' on page 18 undefined on input line 770.


LaTeX Warning: Reference `eq:Xi4Ap' on page 18 undefined on input line 770.


LaTeX Warning: Reference `eq:xihat' on page 18 undefined on input line 770.


LaTeX Warning: Reference `eq:thetahat' on page 18 undefined on input line 770.


LaTeX Warning: Reference `eq:sigmaepsilonhat' on page 18 undefined on input lin
e 770.


LaTeX Warning: Reference `eq:sigmadhat' on page 18 undefined on input line 770.



LaTeX Warning: Reference `tab:LS-Parameters' on page 18 undefined on input line
 809.


LaTeX Warning: Reference `subsec:CorrAnal' on page 18 undefined on input line 8
12.

[18] [19]

LaTeX Warning: Reference `eq:KernelSolution' on page 20 undefined on input line
 814.


LaTeX Warning: Reference `eq:EM-Fourier_TF_of_Kernel' on page 20 undefined on i
nput line 814.


LaTeX Warning: Reference `eq:BoundOnObsVariance' on page 20 undefined on input 
line 816.


LaTeX Warning: Reference `eq:EM-MMGFourier2' on page 20 undefined on input line
 818.


LaTeX Warning: Reference `fig:DisturbanceSupportExperiment' on page 20 undefine
d on input line 820.


LaTeX Warning: Reference `fig:BinaryDisturbanceWidthEstimation' on page 20 unde
fined on input line 820.


LaTeX Warning: Reference `fig:BinaryDisturbanceWidthEstimation' on page 20 unde
fined on input line 820.


LaTeX Warning: Reference `eq:AnalyticSupportCalculation' on page 20 undefined o
n input line 820.


LaTeX Warning: Reference `fig:DisturbanceWidthEstimationCrossSection' on page 2
0 undefined on input line 820.


LaTeX Warning: Reference `eq:EM-Fourier_TF_of_Kernel' on page 20 undefined on i
nput line 820.


LaTeX Warning: Reference `fig:KernelWidthEstimationExperiment' on page 20 undef
ined on input line 820.

<./Figures/DisturbanceWidthEstimation0.pdf, id=94, 132.5953pt x 109.53986pt>
File: ./Figures/DisturbanceWidthEstimation0.pdf Graphic file (type pdf)

<use ./Figures/DisturbanceWidthEstimation0.pdf>
Package pdftex.def Info: ./Figures/DisturbanceWidthEstimation0.pdf used on inpu
t line 823.
(pdftex.def)             Requested size: 132.59497pt x 109.53957pt.

<./Figures/DisturbanceWidthEstimation01.pdf, id=95, 132.5953pt x 109.53986pt>
File: ./Figures/DisturbanceWidthEstimation01.pdf Graphic file (type pdf)

<use ./Figures/DisturbanceWidthEstimation01.pdf>
Package pdftex.def Info: ./Figures/DisturbanceWidthEstimation01.pdf used on inp
ut line 824.
(pdftex.def)             Requested size: 132.59497pt x 109.53957pt.

<./Figures/DisturbanceWidthEstimation02.pdf, id=96, 132.5953pt x 109.53986pt>
File: ./Figures/DisturbanceWidthEstimation02.pdf Graphic file (type pdf)

<use ./Figures/DisturbanceWidthEstimation02.pdf>
Package pdftex.def Info: ./Figures/DisturbanceWidthEstimation02.pdf used on inp
ut line 825.
(pdftex.def)             Requested size: 132.59497pt x 109.53957pt.

<./Figures/DisturbanceWidthEstimation023.pdf, id=97, 132.5953pt x 109.53986pt>
File: ./Figures/DisturbanceWidthEstimation023.pdf Graphic file (type pdf)

<use ./Figures/DisturbanceWidthEstimation023.pdf>
Package pdftex.def Info: ./Figures/DisturbanceWidthEstimation023.pdf used on in
put line 826.
(pdftex.def)             Requested size: 132.59497pt x 109.53957pt.

<./Figures/DisturbanceWidthEstimation03.pdf, id=98, 132.5953pt x 109.53986pt>
File: ./Figures/DisturbanceWidthEstimation03.pdf Graphic file (type pdf)

<use ./Figures/DisturbanceWidthEstimation03.pdf>
Package pdftex.def Info: ./Figures/DisturbanceWidthEstimation03.pdf used on inp
ut line 827.
(pdftex.def)             Requested size: 132.59497pt x 109.53957pt.

<./Figures/DisturbanceWidthEstimation04.pdf, id=99, 132.5953pt x 109.53986pt>
File: ./Figures/DisturbanceWidthEstimation04.pdf Graphic file (type pdf)

<use ./Figures/DisturbanceWidthEstimation04.pdf>
Package pdftex.def Info: ./Figures/DisturbanceWidthEstimation04.pdf used on inp
ut line 828.
(pdftex.def)             Requested size: 132.59497pt x 109.53957pt.

<./Figures/DisturbanceWidthEstimationBinary.pdf, id=100, 133.68211pt x 129.7935
3pt>
File: ./Figures/DisturbanceWidthEstimationBinary.pdf Graphic file (type pdf)
 <use ./Figures/DisturbanceWidthEstimationBinary.pdf>
Package pdftex.def Info: ./Figures/DisturbanceWidthEstimationBinary.pdf used on
 input line 834.
(pdftex.def)             Requested size: 133.68176pt x 129.7932pt.

<./Figures/DisturbanceWidthTrue.pdf, id=101, 155.40642pt x 129.79353pt>
File: ./Figures/DisturbanceWidthTrue.pdf Graphic file (type pdf)

<use ./Figures/DisturbanceWidthTrue.pdf>
Package pdftex.def Info: ./Figures/DisturbanceWidthTrue.pdf used on input line 
835.
(pdftex.def)             Requested size: 155.40602pt x 129.7932pt.

<./Figures/DisturbanceWidthEstimationCrossSection.pdf, id=102, 290.336pt x 181.
25989pt>
File: ./Figures/DisturbanceWidthEstimationCrossSection.pdf Graphic file (type p
df)
 <use ./Figures/DisturbanceWidthEstimationCrossSection.pdf>
Package pdftex.def Info: ./Figures/DisturbanceWidthEstimationCrossSection.pdf u
sed on input line 843.
(pdftex.def)             Requested size: 290.33528pt x 181.25943pt.


LaTeX Warning: Reference `eq:EM-MMGFourier2' on page 20 undefined on input line
 845.


LaTeX Warning: Reference `eq:EM-MMGFourier2' on page 20 undefined on input line
 845.


<./Figures/KernelSupportForObservationNoise0.pdf, id=103, 168.62039pt x 140.670
17pt>
File: ./Figures/KernelSupportForObservationNoise0.pdf Graphic file (type pdf)
 <use ./Figures/KernelSupportForObservationNoise0.pdf>
Package pdftex.def Info: ./Figures/KernelSupportForObservationNoise0.pdf used o
n input line 850.
(pdftex.def)             Requested size: 134.89648pt x 112.53625pt.

<./Figures/KernelSupportForObservationNoise01.pdf, id=104, 154.34677pt x 140.67
017pt>
File: ./Figures/KernelSupportForObservationNoise01.pdf Graphic file (type pdf)
 <use ./Figures/KernelSupportForObservationNoise01.pdf>
Package pdftex.def Info: ./Figures/KernelSupportForObservationNoise01.pdf used 
on input line 851.
(pdftex.def)             Requested size: 123.47757pt x 112.53625pt.

<./Figures/KernelSupportForObservationNoise018.pdf, id=105, 154.34677pt x 140.6
7017pt>
File: ./Figures/KernelSupportForObservationNoise018.pdf Graphic file (type pdf)

 <use ./Figures/KernelSupportForObservationNoise018.pdf>
Package pdftex.def Info: ./Figures/KernelSupportForObservationNoise018.pdf used
 on input line 852.
(pdftex.def)             Requested size: 123.47757pt x 112.53625pt.


LaTeX Warning: Reference `sec:EstimationAlgorithm' on page 20 undefined on inpu
t line 858.


LaTeX Warning: Reference `fig:KernelWidthEstimation' on page 20 undefined on in
put line 858.

<./Figures/KernelBasis1.pdf, id=106, 180.675pt x 144.54pt>
File: ./Figures/KernelBasis1.pdf Graphic file (type pdf)

<use ./Figures/KernelBasis1.pdf>
Package pdftex.def Info: ./Figures/KernelBasis1.pdf used on input line 861.
(pdftex.def)             Requested size: 180.67455pt x 144.53963pt.


LaTeX Warning: Reference `fig:KernelEstimates' on page 20 undefined on input li
ne 866.

<./Figures/KernelEstimate.pdf, id=107, 278.96222pt x 172.7253pt>
File: ./Figures/KernelEstimate.pdf Graphic file (type pdf)

<use ./Figures/KernelEstimate.pdf>
Package pdftex.def Info: ./Figures/KernelEstimate.pdf used on input line 869.
(pdftex.def)             Requested size: 278.96153pt x 172.72487pt.


LaTeX Warning: Reference `fig:KernelEstimateCrossSection' on page 20 undefined 
on input line 874.

<./Figures/KernelEstimateCrossSection.pdf, id=108, 255.81693pt x 122.60272pt>
File: ./Figures/KernelEstimateCrossSection.pdf Graphic file (type pdf)

<use ./Figures/KernelEstimateCrossSection.pdf>
Package pdftex.def Info: ./Figures/KernelEstimateCrossSection.pdf used on input
 line 877.
(pdftex.def)             Requested size: 255.81628pt x 122.60242pt.


LaTeX Warning: Reference `fig:EM-Histogram' on page 20 undefined on input line 
882.


LaTeX Warning: Reference `fig:EM-Histogram' on page 20 undefined on input line 
882.

<./Figures/Histogram.pdf, id=109, 303.534pt x 93.951pt>
File: ./Figures/Histogram.pdf Graphic file (type pdf)

<use ./Figures/Histogram.pdf>
Package pdftex.def Info: ./Figures/Histogram.pdf used on input line 885.
(pdftex.def)             Requested size: 303.53325pt x 93.95078pt.


LaTeX Warning: Reference `fig:FieldEstimates' on page 20 undefined on input lin
e 889.

<./Figures/FieldEstimates.pdf, id=110, 440.6302pt x 225.12105pt>
File: ./Figures/FieldEstimates.pdf Graphic file (type pdf)

<use ./Figures/FieldEstimates.pdf>
Package pdftex.def Info: ./Figures/FieldEstimates.pdf used on input line 892.
(pdftex.def)             Requested size: 440.62912pt x 225.12048pt.


LaTeX Warning: Reference `fig:LowerBound' on page 20 undefined on input line 89
6.

<./Figures/Q.pdf, id=111, 262.86763pt x 154.64844pt>
File: ./Figures/Q.pdf Graphic file (type pdf)
 <use ./Figures/Q.pdf>
Package pdftex.def Info: ./Figures/Q.pdf used on input line 899.
(pdftex.def)             Requested size: 262.86697pt x 154.64806pt.


LaTeX Warning: Reference `fig:EM-ParameterConvergence' on page 20 undefined on 
input line 904.

<./Figures/ParameterConvergence.pdf, id=112, 225.39766pt x 149.27286pt>
File: ./Figures/ParameterConvergence.pdf Graphic file (type pdf)

<use ./Figures/ParameterConvergence.pdf>
Package pdftex.def Info: ./Figures/ParameterConvergence.pdf used on input line 
907.
(pdftex.def)             Requested size: 225.3971pt x 149.27249pt.

<./Figures/KernelConvergence.pdf, id=113, 221.55289pt x 156.90286pt>
File: ./Figures/KernelConvergence.pdf Graphic file (type pdf)

<use ./Figures/KernelConvergence.pdf>
Package pdftex.def Info: ./Figures/KernelConvergence.pdf used on input line 909
.
(pdftex.def)             Requested size: 221.55234pt x 156.90247pt.
 [20] [21 <./Figures/DisturbanceWidthEstimation0.pdf> <./Figures/DisturbanceWid
thEstimation01.pdf> <./Figures/DisturbanceWidthEstimation02.pdf> <./Figures/Dis
turbanceWidthEstimation023.pdf> <./Figures/DisturbanceWidthEstimation03.pdf> <.
/Figures/DisturbanceWidthEstimation04.pdf> <./Figures/DisturbanceWidthEstimatio
nBinary.pdf> <./Figures/DisturbanceWidthTrue.pdf>] [22 <./Figures/DisturbanceWi
dthEstimationCrossSection.pdf> <./Figures/KernelSupportForObservationNoise0.pdf
> <./Figures/KernelSupportForObservationNoise01.pdf> <./Figures/KernelSupportFo
rObservationNoise018.pdf>]

LaTeX Warning: Reference `subsec:CorrAnal' on page 23 undefined on input line 9
18.

[23 <./Figures/KernelBasis1.pdf> <./Figures/KernelEstimate.pdf>]

LaTeX Warning: Reference `sec:EstimationAlgorithm' on page 24 undefined on inpu
t line 920.

[24 <./Figures/KernelEstimateCrossSection.pdf> <./Figures/Histogram.pdf>]

LaTeX Warning: Citation `Jazwinski1970' on page 25 undefined on input line 925.



LaTeX Warning: Citation `Chui2009' on page 25 undefined on input line 925.


LaTeX Warning: Citation `Haykin2001' on page 25 undefined on input line 925.

[25 <./Figures/FieldEstimates.pdf> <./Figures/Q.pdf>]

LaTeX Warning: Citation `Ghahramani1999' on page 26 undefined on input line 927
.


LaTeX Warning: Citation `McLachlan1997' on page 26 undefined on input line 929.


[26 <./Figures/ParameterConvergence.pdf> <./Figures/KernelConvergence.pdf>]
[27]

LaTeX Warning: Reference `eq:EM-Lambdat' on page 28 undefined on input line 101
6.


LaTeX Warning: Citation `Yarlagadda2009' on page 28 undefined on input line 105
9.

[28

]

LaTeX Warning: Reference `eq:app-ConvXcorRelation1' on page 29 undefined on inp
ut line 1063.


LaTeX Warning: Reference `eq:app-ConvXcorRelation2' on page 29 undefined on inp
ut line 1069.


LaTeX Warning: Reference `eq:sigmapoints1' on page 29 undefined on input line 1
169.


LaTeX Warning: Reference `eq:sigmapoints3' on page 29 undefined on input line 1
169.


LaTeX Warning: Reference `eq:QmatrixForSigmapoints' on page 29 undefined on inp
ut line 1169.


LaTeX Warning: Reference `eq:QmatrixForSigmapoints' on page 29 undefined on inp
ut line 1182.


LaTeX Warning: Citation `Sarkka2008' on page 29 undefined on input line 1192.

[29] [30]
No file DataPaper.bbl.
Package minitoc Info: I0009
(minitoc)             Listing minitoc auxiliary files. 
(minitoc)             Creating the DataPaper.maf file.
\openout3 = `DataPaper.maf'.


Package minitoc(hints) Warning: W0033
(minitoc(hints))                The caption package should be 
(minitoc(hints))                loaded BEFORE the minitoc package.

Package minitoc(hints) Info: I0053
(minitoc(hints))             You have loaded the float package; 
(minitoc(hints))             please be aware that the minitoc package 
(minitoc(hints))             facilities can not be used for new types 
(minitoc(hints))             of floats defined by the float package.

Package minitoc(hints) Warning: W0024
(minitoc(hints))                Some hints have been written 
(minitoc(hints))                in the DataPaper.log file.

[31

] (./DataPaper.aux)

LaTeX Font Warning: Some font shapes were not available, defaults substituted.


LaTeX Warning: There were undefined references.


LaTeX Warning: Label(s) may have changed. Rerun to get cross-references right.

 ) 
Here is how much of TeX's memory you used:
 7190 strings out of 493488
 105080 string characters out of 3141326
 192663 words of memory out of 3000000
 10140 multiletter control sequences out of 15000+200000
 20469 words of font info for 76 fonts, out of 3000000 for 9000
 957 hyphenation exceptions out of 8191
 44i,18n,46p,2512b,452s stack positions out of 5000i,500n,10000p,200000b,50000s
</usr/local/texlive/2012/texmf-dist/fonts/type1/public/amsfonts/cm/cmbx10.pfb
></usr/local/texlive/2012/texmf-dist/fonts/type1/public/amsfonts/cm/cmbx12.pfb>
</usr/local/texlive/2012/texmf-dist/fonts/type1/public/amsfonts/cm/cmbx7.pfb></
usr/local/texlive/2012/texmf-dist/fonts/type1/public/amsfonts/cm/cmbx8.pfb></us
r/local/texlive/2012/texmf-dist/fonts/type1/public/amsfonts/cm/cmbx9.pfb></usr/
local/texlive/2012/texmf-dist/fonts/type1/public/amsfonts/cm/cmex10.pfb></usr/l
ocal/texlive/2012/texmf-dist/fonts/type1/public/amsfonts/cmextra/cmex8.pfb></us
r/local/texlive/2012/texmf-dist/fonts/type1/public/amsfonts/cmextra/cmex9.pfb><
/usr/local/texlive/2012/texmf-dist/fonts/type1/public/amsfonts/cm/cmmi10.pfb></
usr/local/texlive/2012/texmf-dist/fonts/type1/public/amsfonts/cm/cmmi12.pfb></u
sr/local/texlive/2012/texmf-dist/fonts/type1/public/amsfonts/cm/cmmi5.pfb></usr
/local/texlive/2012/texmf-dist/fonts/type1/public/amsfonts/cm/cmmi6.pfb></usr/l
ocal/texlive/2012/texmf-dist/fonts/type1/public/amsfonts/cm/cmmi7.pfb></usr/loc
al/texlive/2012/texmf-dist/fonts/type1/public/amsfonts/cm/cmmi8.pfb></usr/local
/texlive/2012/texmf-dist/fonts/type1/public/amsfonts/cm/cmmi9.pfb></usr/local/t
exlive/2012/texmf-dist/fonts/type1/public/amsfonts/cm/cmmib10.pfb></usr/local/t
exlive/2012/texmf-dist/fonts/type1/public/amsfonts/cmextra/cmmib7.pfb></usr/loc
al/texlive/2012/texmf-dist/fonts/type1/public/amsfonts/cmextra/cmmib8.pfb></usr
/local/texlive/2012/texmf-dist/fonts/type1/public/amsfonts/cm/cmr10.pfb></usr/l
ocal/texlive/2012/texmf-dist/fonts/type1/public/amsfonts/cm/cmr12.pfb></usr/loc
al/texlive/2012/texmf-dist/fonts/type1/public/amsfonts/cm/cmr17.pfb></usr/local
/texlive/2012/texmf-dist/fonts/type1/public/amsfonts/cm/cmr5.pfb></usr/local/te
xlive/2012/texmf-dist/fonts/type1/public/amsfonts/cm/cmr6.pfb></usr/local/texli
ve/2012/texmf-dist/fonts/type1/public/amsfonts/cm/cmr7.pfb></usr/local/texlive/
2012/texmf-dist/fonts/type1/public/amsfonts/cm/cmr8.pfb></usr/local/texlive/201
2/texmf-dist/fonts/type1/public/amsfonts/cm/cmr9.pfb></usr/local/texlive/2012/t
exmf-dist/fonts/type1/public/amsfonts/cm/cmss10.pfb></usr/local/texlive/2012/te
xmf-dist/fonts/type1/public/amsfonts/cm/cmssbx10.pfb></usr/local/texlive/2012/t
exmf-dist/fonts/type1/public/amsfonts/cm/cmsy10.pfb></usr/local/texlive/2012/te
xmf-dist/fonts/type1/public/amsfonts/cm/cmsy5.pfb></usr/local/texlive/2012/texm
f-dist/fonts/type1/public/amsfonts/cm/cmsy6.pfb></usr/local/texlive/2012/texmf-
dist/fonts/type1/public/amsfonts/cm/cmsy7.pfb></usr/local/texlive/2012/texmf-di
st/fonts/type1/public/amsfonts/cm/cmsy8.pfb></usr/local/texlive/2012/texmf-dist
/fonts/type1/public/amsfonts/cm/cmsy9.pfb></usr/local/texlive/2012/texmf-dist/f
onts/type1/public/amsfonts/symbols/msam10.pfb></usr/local/texlive/2012/texmf-di
st/fonts/type1/urw/helvetic/uhvr8a.pfb></usr/local/texlive/2012/texmf-dist/font
s/type1/urw/helvetic/uhvro8a.pfb>
Output written on DataPaper.pdf (31 pages, 1119682 bytes).
PDF statistics:
 569 PDF objects out of 1000 (max. 8388607)
 412 compressed objects within 5 object streams
 0 named destinations out of 1000 (max. 500000)
 101 words of extra memory for PDF output out of 10000 (max. 10000000)

