<<<<<<< HEAD
This is pdfTeX, Version 3.1415926-1.40.10 (TeX Live 2009/Debian) (format=pdflatex 2010.9.1)  17 FEB 2011 21:20
=======
This is pdfTeX, Version 3.1415926-1.40.10 (TeX Live 2009) (format=pdflatex 2010.1.13)  20 FEB 2011 22:15
>>>>>>> ac67672d5a0783f5bbfa08dc1d08fc5fa9100f2b
entering extended mode
 restricted \write18 enabled.
 %&-line parsing enabled.
**EMBC_CorrelationAnalysis.tex
(./EMBC_CorrelationAnalysis.tex
LaTeX2e <2009/09/24>
Babel <v3.8l> and hyphenation patterns for english, usenglishmax, dumylang, noh
yphenation, loaded.
(./IEEEtran.cls
Document Class: IEEEtran 2007/03/05 V1.7a by Michael Shell
-- See the "IEEEtran_HOWTO" manual for usage information.
-- http://www.michaelshell.org/tex/ieeetran/
\@IEEEtrantmpdimenA=\dimen102
\@IEEEtrantmpdimenB=\dimen103
\@IEEEtrantmpcountA=\count79
\@IEEEtrantmpcountB=\count80
\@IEEEtrantmptoksA=\toks14
LaTeX Font Info:    Try loading font information for OT1+ptm on input line 366.

(/usr/share/texmf-texlive/tex/latex/psnfss/ot1ptm.fd
File: ot1ptm.fd 2001/06/04 font definitions for OT1/ptm.
)
-- Using 8.5in x 11in (letter) paper.
-- Using PDF output.
\@IEEEnormalsizeunitybaselineskip=\dimen104
-- This is a 10 point document.
\CLASSINFOnormalsizebaselineskip=\dimen105
\CLASSINFOnormalsizeunitybaselineskip=\dimen106
\IEEEnormaljot=\dimen107
LaTeX Font Info:    Font shape `OT1/ptm/bx/n' in size <5> not available
(Font)              Font shape `OT1/ptm/b/n' tried instead on input line 724.
LaTeX Font Info:    Font shape `OT1/ptm/bx/it' in size <5> not available
(Font)              Font shape `OT1/ptm/b/it' tried instead on input line 724.
LaTeX Font Info:    Font shape `OT1/ptm/bx/n' in size <7> not available
(Font)              Font shape `OT1/ptm/b/n' tried instead on input line 724.
LaTeX Font Info:    Font shape `OT1/ptm/bx/it' in size <7> not available
(Font)              Font shape `OT1/ptm/b/it' tried instead on input line 724.
LaTeX Font Info:    Font shape `OT1/ptm/bx/n' in size <8> not available
(Font)              Font shape `OT1/ptm/b/n' tried instead on input line 724.
LaTeX Font Info:    Font shape `OT1/ptm/bx/it' in size <8> not available
(Font)              Font shape `OT1/ptm/b/it' tried instead on input line 724.
LaTeX Font Info:    Font shape `OT1/ptm/bx/n' in size <9> not available
(Font)              Font shape `OT1/ptm/b/n' tried instead on input line 724.
LaTeX Font Info:    Font shape `OT1/ptm/bx/it' in size <9> not available
(Font)              Font shape `OT1/ptm/b/it' tried instead on input line 724.
LaTeX Font Info:    Font shape `OT1/ptm/bx/n' in size <10> not available
(Font)              Font shape `OT1/ptm/b/n' tried instead on input line 724.
LaTeX Font Info:    Font shape `OT1/ptm/bx/it' in size <10> not available
(Font)              Font shape `OT1/ptm/b/it' tried instead on input line 724.
LaTeX Font Info:    Font shape `OT1/ptm/bx/n' in size <11> not available
(Font)              Font shape `OT1/ptm/b/n' tried instead on input line 724.
LaTeX Font Info:    Font shape `OT1/ptm/bx/it' in size <11> not available
(Font)              Font shape `OT1/ptm/b/it' tried instead on input line 724.
LaTeX Font Info:    Font shape `OT1/ptm/bx/n' in size <12> not available
(Font)              Font shape `OT1/ptm/b/n' tried instead on input line 724.
LaTeX Font Info:    Font shape `OT1/ptm/bx/it' in size <12> not available
(Font)              Font shape `OT1/ptm/b/it' tried instead on input line 724.
LaTeX Font Info:    Font shape `OT1/ptm/bx/n' in size <17> not available
(Font)              Font shape `OT1/ptm/b/n' tried instead on input line 724.
LaTeX Font Info:    Font shape `OT1/ptm/bx/it' in size <17> not available
(Font)              Font shape `OT1/ptm/b/it' tried instead on input line 724.
LaTeX Font Info:    Font shape `OT1/ptm/bx/n' in size <20> not available
(Font)              Font shape `OT1/ptm/b/n' tried instead on input line 724.
LaTeX Font Info:    Font shape `OT1/ptm/bx/it' in size <20> not available
(Font)              Font shape `OT1/ptm/b/it' tried instead on input line 724.
LaTeX Font Info:    Font shape `OT1/ptm/bx/n' in size <24> not available
(Font)              Font shape `OT1/ptm/b/n' tried instead on input line 724.
LaTeX Font Info:    Font shape `OT1/ptm/bx/it' in size <24> not available
(Font)              Font shape `OT1/ptm/b/it' tried instead on input line 724.
\IEEEilabelindentA=\dimen108
\IEEEilabelindentB=\dimen109
\IEEEilabelindent=\dimen110
\IEEEelabelindent=\dimen111
\IEEEdlabelindent=\dimen112
\IEEElabelindent=\dimen113
\IEEEiednormlabelsep=\dimen114
\IEEEiedmathlabelsep=\dimen115
\IEEEiedtopsep=\skip41
\c@section=\count81
\c@subsection=\count82
\c@subsubsection=\count83
\c@paragraph=\count84
\c@IEEEsubequation=\count85
\abovecaptionskip=\skip42
\belowcaptionskip=\skip43
\c@figure=\count86
\c@table=\count87
\@IEEEeqnnumcols=\count88
\@IEEEeqncolcnt=\count89
\@IEEEtmpitemindent=\dimen116
\c@IEEEbiography=\count90
\@IEEEtranrubishbin=\box26
) (/usr/share/texmf-texlive/tex/latex/graphics/color.sty
Package: color 2005/11/14 v1.0j Standard LaTeX Color (DPC)

(/etc/texmf/tex/latex/config/color.cfg
File: color.cfg 2007/01/18 v1.5 color configuration of teTeX/TeXLive
)
Package color Info: Driver file: pdftex.def on input line 130.

(/usr/share/texmf-texlive/tex/latex/pdftex-def/pdftex.def
File: pdftex.def 2009/08/25 v0.04m Graphics/color for pdfTeX
\Gread@gobject=\count91
))
(/usr/share/texmf-texlive/tex/latex/graphics/graphicx.sty
Package: graphicx 1999/02/16 v1.0f Enhanced LaTeX Graphics (DPC,SPQR)

(/usr/share/texmf-texlive/tex/latex/graphics/keyval.sty
Package: keyval 1999/03/16 v1.13 key=value parser (DPC)
\KV@toks@=\toks15
)
(/usr/share/texmf-texlive/tex/latex/graphics/graphics.sty
Package: graphics 2009/02/05 v1.0o Standard LaTeX Graphics (DPC,SPQR)

(/usr/share/texmf-texlive/tex/latex/graphics/trig.sty
Package: trig 1999/03/16 v1.09 sin cos tan (DPC)
)
(/etc/texmf/tex/latex/config/graphics.cfg
File: graphics.cfg 2009/08/28 v1.8 graphics configuration of TeX Live
)
Package graphics Info: Driver file: pdftex.def on input line 91.
)
\Gin@req@height=\dimen117
\Gin@req@width=\dimen118
)
(/usr/share/texmf-texlive/tex/latex/amsmath/amsmath.sty
Package: amsmath 2000/07/18 v2.13 AMS math features
\@mathmargin=\skip44

For additional information on amsmath, use the `?' option.
(/usr/share/texmf-texlive/tex/latex/amsmath/amstext.sty
Package: amstext 2000/06/29 v2.01

(/usr/share/texmf-texlive/tex/latex/amsmath/amsgen.sty
File: amsgen.sty 1999/11/30 v2.0
\@emptytoks=\toks16
\ex@=\dimen119
))
(/usr/share/texmf-texlive/tex/latex/amsmath/amsbsy.sty
Package: amsbsy 1999/11/29 v1.2d
\pmbraise@=\dimen120
)
(/usr/share/texmf-texlive/tex/latex/amsmath/amsopn.sty
Package: amsopn 1999/12/14 v2.01 operator names
)
\inf@bad=\count92
LaTeX Info: Redefining \frac on input line 211.
\uproot@=\count93
\leftroot@=\count94
LaTeX Info: Redefining \overline on input line 307.
\classnum@=\count95
\DOTSCASE@=\count96
LaTeX Info: Redefining \ldots on input line 379.
LaTeX Info: Redefining \dots on input line 382.
LaTeX Info: Redefining \cdots on input line 467.
\Mathstrutbox@=\box27
\strutbox@=\box28
\big@size=\dimen121
LaTeX Font Info:    Redeclaring font encoding OML on input line 567.
LaTeX Font Info:    Redeclaring font encoding OMS on input line 568.
\macc@depth=\count97
\c@MaxMatrixCols=\count98
\dotsspace@=\muskip10
\c@parentequation=\count99
\dspbrk@lvl=\count100
\tag@help=\toks17
\row@=\count101
\column@=\count102
\maxfields@=\count103
\andhelp@=\toks18
\eqnshift@=\dimen122
\alignsep@=\dimen123
\tagshift@=\dimen124
\tagwidth@=\dimen125
\totwidth@=\dimen126
\lineht@=\dimen127
\@envbody=\toks19
\multlinegap=\skip45
\multlinetaggap=\skip46
\mathdisplay@stack=\toks20
LaTeX Info: Redefining \[ on input line 2666.
LaTeX Info: Redefining \] on input line 2667.
)
(/usr/share/texmf-texlive/tex/latex/subfigure/subfigure.sty
Package: subfigure 2002/03/15 v2.1.5 subfigure package
\subfigtopskip=\skip47
\subfigcapskip=\skip48
\subfigcaptopadj=\dimen128
\subfigbottomskip=\skip49
\subfigcapmargin=\dimen129
\subfiglabelskip=\skip50
\c@subfigure=\count104
\c@lofdepth=\count105
\c@subtable=\count106
\c@lotdepth=\count107

****************************************
* Local config file subfigure.cfg used *
****************************************
(/usr/share/texmf-texlive/tex/latex/subfigure/subfigure.cfg)
\subfig@top=\skip51
\subfig@bottom=\skip52
)
(./EMBC_CorrelationAnalysis.aux

LaTeX Warning: Label `fig:KernelEstimate' multiply defined.


LaTeX Warning: Label `sub@fig:KernelEstimate' multiply defined.


LaTeX Warning: Label `fig:KernelCrossSection' multiply defined.


LaTeX Warning: Label `sub@fig:KernelCrossSection' multiply defined.


LaTeX Warning: Label `fig:FFTKernelEstimate' multiply defined.


LaTeX Warning: Label `sub@fig:FFTKernelEstimate' multiply defined.


LaTeX Warning: Label `fig:FFTKernelEstimate' multiply defined.


LaTeX Warning: Label `sub@fig:FFTKernelEstimate' multiply defined.


LaTeX Warning: Label `fig:Kernel' multiply defined.


LaTeX Warning: Label `sub@fig:Kernel' multiply defined.


LaTeX Warning: Label `fig:KernelEstimate' multiply defined.


LaTeX Warning: Label `sub@fig:KernelEstimate' multiply defined.


LaTeX Warning: Label `fig:KernelEstimate' multiply defined.


LaTeX Warning: Label `sub@fig:KernelEstimate' multiply defined.


LaTeX Warning: Label `fig:Kernels' multiply defined.

)
\openout1 = `EMBC_CorrelationAnalysis.aux'.

LaTeX Font Info:    Checking defaults for OML/cmm/m/it on input line 356.
LaTeX Font Info:    ... okay on input line 356.
LaTeX Font Info:    Checking defaults for T1/cmr/m/n on input line 356.
LaTeX Font Info:    ... okay on input line 356.
LaTeX Font Info:    Checking defaults for OT1/cmr/m/n on input line 356.
LaTeX Font Info:    ... okay on input line 356.
LaTeX Font Info:    Checking defaults for OMS/cmsy/m/n on input line 356.
LaTeX Font Info:    ... okay on input line 356.
LaTeX Font Info:    Checking defaults for OMX/cmex/m/n on input line 356.
LaTeX Font Info:    ... okay on input line 356.
LaTeX Font Info:    Checking defaults for U/cmr/m/n on input line 356.
LaTeX Font Info:    ... okay on input line 356.
 (/usr/share/texmf/tex/context/base/supp-pdf.mkii
[Loading MPS to PDF converter (version 2006.09.02).]
\scratchcounter=\count108
\scratchdimen=\dimen130
\scratchbox=\box29
\nofMPsegments=\count109
\nofMParguments=\count110
\everyMPshowfont=\toks21
\MPscratchCnt=\count111
\MPscratchDim=\dimen131
\MPnumerator=\count112
\everyMPtoPDFconversion=\toks22
)
LaTeX Font Info:    Calculating math sizes for size <11> on input line 405.
LaTeX Font Info:    External font `cmex10' loaded for size
(Font)              <11> on input line 405.
LaTeX Font Info:    External font `cmex10' loaded for size
(Font)              <7.69997> on input line 405.
LaTeX Font Info:    External font `cmex10' loaded for size
(Font)              <5.5> on input line 405.
LaTeX Font Info:    External font `cmex10' loaded for size
(Font)              <8> on input line 405.
LaTeX Font Info:    External font `cmex10' loaded for size
(Font)              <6> on input line 405.
LaTeX Font Info:    External font `cmex10' loaded for size
(Font)              <5> on input line 405.
LaTeX Font Info:    External font `cmex10' loaded for size
(Font)              <7> on input line 405.

Overfull \hbox (65.35268pt too wide) detected at line 468
\OML/cmm/m/it/10 v [] \OT1/cmr/m/n/10 = \OML/cmm/m/it/10 e[]v [] \OT1/cmr/m/n/1
0 + [][] \OML/cmm/m/it/10 h [] [] [] []t[] \OT1/cmr/m/n/10 + \OML/cmm/m/it/10 ^
^[[] [][] h [] []W [] :
 []


Overfull \hbox (14.35535pt too wide) detected at line 472
[]\OML/cmm/m/it/10 v\OT1/cmr/m/n/10 (\OT1/cmr/bx/n/10 r\OML/cmm/m/it/10 ; t\OT1
/cmr/m/n/10 ) + \OML/cmm/m/it/10 ^^Pv\OT1/cmr/m/n/10 (\OT1/cmr/bx/n/10 r\OML/cm
m/m/it/10 ; t\OT1/cmr/m/n/10 )[]\OML/cmm/m/it/10 t \OT1/cmr/m/n/10 = [](\OT1/cm
r/bx/n/10 r\OML/cmm/m/it/10 ; t\OT1/cmr/m/n/10 )[]\OML/cmm/m/it/10 t \OT1/cmr/m
/n/10 + []\OML/cmm/m/it/10 W\OT1/cmr/m/n/10 (\OT1/cmr/bx/n/10 r\OML/cmm/m/it/10
 ; t\OT1/cmr/m/n/10 ) [] [] [] []\OML/cmm/m/it/10 t \OMS/cmsy/m/n/10 ^^U \OT1/c
mr/m/n/10 0\OML/cmm/m/it/10 ; v\OT1/cmr/m/n/10 (\OT1/cmr/bx/n/10 r\OML/cmm/m/it
/10 ; \OT1/cmr/m/n/10 0) = [][]
 []


Overfull \hbox (144.3148pt too wide) detected at line 481
\OML/cmm/m/it/10 v [] \OMS/cmsy/m/n/10 ^^@ \OML/cmm/m/it/10 v [] \OT1/cmr/m/n/1
0 + \OML/cmm/m/it/10 ^^PT[]v [] \OT1/cmr/m/n/10 = \OML/cmm/m/it/10 T[] [][] [] 
\OT1/cmr/m/n/10 + \OML/cmm/m/it/10 ^^[[]\OT1/cmr/m/n/10 [\OML/cmm/m/it/10 W [] 
\OMS/cmsy/m/n/10 ^^@ \OML/cmm/m/it/10 W []\OT1/cmr/m/n/10 ]\OML/cmm/m/it/10 ;
 []


LaTeX Warning: Citation `Rasmussen2005' on page 1 undefined on input line 493.

[1{/var/lib/texmf/fonts/map/pdftex/updmap/pdftex.map}


]
<./figures/pdf/FieldSpatialFreq.pdf, id=18, 235.88126pt x 184.69pt>
File: ./figures/pdf/FieldSpatialFreq.pdf Graphic file (type pdf)

<use ./figures/pdf/FieldSpatialFreq.pdf>
<./figures/pdf/FieldSpatialFreqCrossSection.pdf, id=19, 235.88126pt x 184.69pt>
File: ./figures/pdf/FieldSpatialFreqCrossSection.pdf Graphic file (type pdf)
<use ./figures/pdf/FieldSpatialFreqCrossSection.pdf>
<./figures/pdf/FFTKernel.pdf, id=20, 235.88126pt x 184.69pt>
File: ./figures/pdf/FFTKernel.pdf Graphic file (type pdf)

<use ./figures/pdf/FFTKernel.pdf>
<./figures/pdf/FFTKernelEstimateFullLinear.pdf, id=21, 235.88126pt x 184.69pt>
File: ./figures/pdf/FFTKernelEstimateFullLinear.pdf Graphic file (type pdf)

<use ./figures/pdf/FFTKernelEstimateFullLinear.pdf>
<./figures/pdf/FFTKernelEstimateThresholdLinear.pdf, id=22, 235.88126pt x 184.6
9pt>
File: ./figures/pdf/FFTKernelEstimateThresholdLinear.pdf Graphic file (type pdf
)
 <use ./figures/pdf/FFTKernelEstimateThresholdLinear.pdf>
<./figures/pdf/FFTKernelEstimateFull.pdf, id=23, 235.88126pt x 184.69pt>
File: ./figures/pdf/FFTKernelEstimateFull.pdf Graphic file (type pdf)

<use ./figures/pdf/FFTKernelEstimateFull.pdf>
<./figures/pdf/FFTKernelEstimateThreshold.pdf, id=24, 235.88126pt x 184.69pt>
File: ./figures/pdf/FFTKernelEstimateThreshold.pdf Graphic file (type pdf)

<use ./figures/pdf/FFTKernelEstimateThreshold.pdf>
<./figures/pdf/Kernel.pdf, id=25, 235.88126pt x 184.69pt>
File: ./figures/pdf/Kernel.pdf Graphic file (type pdf)

<use ./figures/pdf/Kernel.pdf>
<./figures/pdf/KernelEstimateLinear.pdf, id=26, 235.88126pt x 184.69pt>
File: ./figures/pdf/KernelEstimateLinear.pdf Graphic file (type pdf)

<use ./figures/pdf/KernelEstimateLinear.pdf>
<./figures/pdf/KernelEstimate.pdf, id=27, 235.88126pt x 184.69pt>
File: ./figures/pdf/KernelEstimate.pdf Graphic file (type pdf)

<use ./figures/pdf/KernelEstimate.pdf>
<./figures/pdf/KernelsCrossSectionLinear.pdf, id=28, 235.88126pt x 184.69pt>
File: ./figures/pdf/KernelsCrossSectionLinear.pdf Graphic file (type pdf)

<use ./figures/pdf/KernelsCrossSectionLinear.pdf>
<./figures/pdf/KernelsCrossSection.pdf, id=29, 235.88126pt x 184.69pt>
File: ./figures/pdf/KernelsCrossSection.pdf Graphic file (type pdf)

<use ./figures/pdf/KernelsCrossSection.pdf>
<./figures/pdf/KernelEstimateDataLinsolve.pdf, id=30, 235.88126pt x 184.69pt>
File: ./figures/pdf/KernelEstimateDataLinsolve.pdf Graphic file (type pdf)

<use ./figures/pdf/KernelEstimateDataLinsolve.pdf>
<./figures/pdf/KernelEstimateDataInvConvMat.pdf, id=31, 235.88126pt x 184.69pt>
File: ./figures/pdf/KernelEstimateDataInvConvMat.pdf Graphic file (type pdf)
<use ./figures/pdf/KernelEstimateDataInvConvMat.pdf>
<./figures/pdf/KernelEstimateDataFFT.pdf, id=32, 235.88126pt x 184.69pt>
File: ./figures/pdf/KernelEstimateDataFFT.pdf Graphic file (type pdf)

<use ./figures/pdf/KernelEstimateDataFFT.pdf>

LaTeX Warning: Text page 2 contains only floats.

[2 <./figures/pdf/FieldSpatialFreq.pdf> <./figures/pdf/FieldSpatialFreqCrossSec
tion.pdf> <./figures/pdf/Kernel.pdf> <./figures/pdf/KernelEstimateLinear.pdf> <
./figures/pdf/KernelEstimate.pdf>]

LaTeX Warning: Text page 3 contains only floats.


Overfull \vbox (0.91615pt too high) has occurred while \output is active []



LaTeX Warning: Text page 3 contains only floats.


Overfull \vbox (0.91615pt too high) has occurred while \output is active []


[3 <./figures/pdf/FFTKernel.pdf> <./figures/pdf/FFTKernelEstimateFullLinear.pdf
> <./figures/pdf/FFTKernelEstimateThresholdLinear.pdf> <./figures/pdf/FFTKernel
EstimateFull.pdf> <./figures/pdf/FFTKernelEstimateThreshold.pdf>]

** Conference Paper **
Before submitting the final camera ready copy, remember to:

 1. Manually equalize the lengths of two columns on the last page
 of your paper;

 2. Ensure that any PostScript and/or PDF output post-processing
 uses only Type 1 fonts and that every step in the generation
 process uses the appropriate paper size.

[4 <./figures/pdf/KernelsCrossSectionLinear.pdf> <./figures/pdf/KernelsCrossSec
tion.pdf> <./figures/pdf/KernelEstimateDataLinsolve.pdf> <./figures/pdf/KernelE
stimateDataInvConvMat.pdf> <./figures/pdf/KernelEstimateDataFFT.pdf>]
(./EMBC_CorrelationAnalysis.aux)

LaTeX Warning: There were undefined references.


LaTeX Warning: There were multiply-defined labels.

 ) 
Here is how much of TeX's memory you used:
<<<<<<< HEAD
 2497 strings out of 495061
 36983 string characters out of 1182622
 97037 words of memory out of 3000000
 5667 multiletter control sequences out of 15000+50000
=======
 2525 strings out of 493848
 38662 string characters out of 3149207
 99058 words of memory out of 3000000
 5790 multiletter control sequences out of 15000+200000
>>>>>>> ac67672d5a0783f5bbfa08dc1d08fc5fa9100f2b
 41728 words of font info for 81 fonts, out of 3000000 for 9000
 31 hyphenation exceptions out of 8191
 32i,15n,24p,525b,361s stack positions out of 5000i,500n,10000p,200000b,50000s
<<<<<<< HEAD
{/usr/share/texmf-texlive/fonts/enc/dvips/base/8r.enc}</usr/share/texmf-texli
ve/fonts/type1/public/amsfonts/cm/cmbx10.pfb></usr/share/texmf-texlive/fonts/ty
pe1/public/amsfonts/cm/cmex10.pfb></usr/share/texmf-texlive/fonts/type1/public/
amsfonts/cm/cmmi10.pfb></usr/share/texmf-texlive/fonts/type1/public/amsfonts/cm
/cmmi7.pfb></usr/share/texmf-texlive/fonts/type1/public/amsfonts/cm/cmr10.pfb><
/usr/share/texmf-texlive/fonts/type1/public/amsfonts/cm/cmr7.pfb></usr/share/te
xmf-texlive/fonts/type1/public/amsfonts/cm/cmsy10.pfb></usr/share/texmf-texlive
/fonts/type1/public/amsfonts/cm/cmsy7.pfb></usr/share/texmf-texlive/fonts/type1
/public/amsfonts/cm/cmsy8.pfb></usr/share/texmf-texlive/fonts/type1/urw/times/u
tmb8a.pfb></usr/share/texmf-texlive/fonts/type1/urw/times/utmbi8a.pfb></usr/sha
re/texmf-texlive/fonts/type1/urw/times/utmr8a.pfb></usr/share/texmf-texlive/fon
ts/type1/urw/times/utmri8a.pfb>
Output written on EMBC_CorrelationAnalysis.pdf (4 pages, 183192 bytes).
=======
{/usr/local/texlive/2009/texmf-dist/fonts/enc/dvips/base/8r.enc}</usr/local/t
exlive/2009/texmf-dist/fonts/type1/public/amsfonts/cm/cmbx10.pfb></usr/local/te
xlive/2009/texmf-dist/fonts/type1/public/amsfonts/cm/cmex10.pfb></usr/local/tex
live/2009/texmf-dist/fonts/type1/public/amsfonts/cm/cmmi10.pfb></usr/local/texl
ive/2009/texmf-dist/fonts/type1/public/amsfonts/cm/cmmi7.pfb></usr/local/texliv
e/2009/texmf-dist/fonts/type1/public/amsfonts/cm/cmr10.pfb></usr/local/texlive/
2009/texmf-dist/fonts/type1/public/amsfonts/cm/cmr7.pfb></usr/local/texlive/200
9/texmf-dist/fonts/type1/public/amsfonts/cm/cmsy10.pfb></usr/local/texlive/2009
/texmf-dist/fonts/type1/public/amsfonts/cm/cmsy7.pfb></usr/local/texlive/2009/t
exmf-dist/fonts/type1/public/amsfonts/cm/cmsy8.pfb></usr/local/texlive/2009/tex
mf-dist/fonts/type1/urw/times/utmb8a.pfb></usr/local/texlive/2009/texmf-dist/fo
nts/type1/urw/times/utmbi8a.pfb></usr/local/texlive/2009/texmf-dist/fonts/type1
/urw/times/utmr8a.pfb></usr/local/texlive/2009/texmf-dist/fonts/type1/urw/times
/utmri8a.pfb>
Output written on EMBC_CorrelationAnalysis.pdf (4 pages, 197965 bytes).
>>>>>>> ac67672d5a0783f5bbfa08dc1d08fc5fa9100f2b
PDF statistics:
 164 PDF objects out of 1000 (max. 8388607)
 0 named destinations out of 1000 (max. 500000)
 76 words of extra memory for PDF output out of 10000 (max. 10000000)

